[2021-10-23 17:14:09] [INFO ]  
[2021-10-23 17:14:09] [INFO ] FINCH               + [!] Java Finch Syntactic Engine
[2021-10-23 17:14:09] [INFO ] FINCH               |  + Java-type analysis activated
[2021-10-23 17:14:09] [INFO ]  
[2021-10-23 17:14:09] [INFO ] CHECKER_LOADER      + [C] Initialize checkers ===>>>
[2021-10-23 17:14:10] [DEBUG] CHECKER_LOADER      |  + [X] Checker [com.fasoo.javafinch.syn.checker.basic.BadCompareClassNameChecker] is not enabled by configuration
[2021-10-23 17:14:10] [DEBUG] CHECKER_LOADER      |  + [X] Checker [com.fasoo.javafinch.syn.checker.basic.DeclareLoopVariableFinalChecker] is not enabled by configuration
[2021-10-23 17:14:10] [DEBUG] CHECKER_LOADER      |  + [X] Checker [com.fasoo.javafinch.syn.checker.basic.CrossSiteRequestForgeryChecker] is not enabled by configuration
[2021-10-23 17:14:10] [DEBUG] CHECKER_LOADER      |  + [X] Checker [com.fasoo.javafinch.syn.checker.basic.RelianceOnDnsLookupsInASecurityDecisionChecker] is not enabled by configuration
[2021-10-23 17:14:10] [INFO ] CHECKER_LOADER      |  + [O] Checker [com.fasoo.javafinch.syn.checker.basic.ImplicitCastingReturnChecker] loaded successfully
[2021-10-23 17:14:10] [DEBUG] CHECKER_LOADER      |  + [X] Checker [com.fasoo.javafinch.syn.checker.basic.OverrideHashCodeAndEqualsChecker] is not enabled by configuration
[2021-10-23 17:14:10] [DEBUG] CHECKER_LOADER      |  + [X] Checker [com.fasoo.javafinch.syn.checker.basic.CallingSystemGCChecker] is not enabled by configuration
[2021-10-23 17:14:10] [DEBUG] CHECKER_LOADER      |  + [X] Checker [com.fasoo.javafinch.syn.checker.basic.UseOnceSameVariableWithinExpressionChecker] is not enabled by configuration
[2021-10-23 17:14:10] [DEBUG] CHECKER_LOADER      |  + [X] Checker [com.fasoo.javafinch.syn.checker.basic.NonSynchronizedMethodOverridesSynchronizedMethodChecker] is not enabled by configuration
[2021-10-23 17:14:10] [INFO ] CHECKER_LOADER      |  + [O] Checker [com.fasoo.javafinch.syn.checker.basic.UnnotifiedObjectChecker] loaded successfully
[2021-10-23 17:14:10] [INFO ] CHECKER_LOADER      |  + [O] Checker [com.fasoo.javafinch.syn.checker.basic.DoNotCallRunFinalizersOnExitChecker] loaded successfully
[2021-10-23 17:14:10] [DEBUG] CHECKER_LOADER      |  + [X] Checker [com.fasoo.javafinch.syn.checker.basic.android.override.AbsenceSetMeasuredDimensionInOverrideOnMeasureChecker] is not enabled by configuration
[2021-10-23 17:14:10] [DEBUG] CHECKER_LOADER      |  + [X] Checker [com.fasoo.javafinch.syn.checker.basic.android.override.AbsenceCallSuperInActivityLifecycleChecker] is not enabled by configuration
[2021-10-23 17:14:10] [DEBUG] CHECKER_LOADER      |  + [X] Checker [com.fasoo.javafinch.syn.checker.basic.android.forbidden.DoNotSendSmsChecker] is not enabled by configuration
[2021-10-23 17:14:10] [DEBUG] CHECKER_LOADER      |  + [X] Checker [com.fasoo.javafinch.syn.checker.basic.android.forbidden.DoNotAccessAccountInformationChecker] is not enabled by configuration
[2021-10-23 17:14:10] [DEBUG] CHECKER_LOADER      |  + [X] Checker [com.fasoo.javafinch.syn.checker.basic.android.forbidden.DoNotGetDeviceIdChecker] is not enabled by configuration
[2021-10-23 17:14:10] [DEBUG] CHECKER_LOADER      |  + [X] Checker [com.fasoo.javafinch.syn.checker.basic.android.forbidden.DoNotGetUsimUniqueIdChecker] is not enabled by configuration
[2021-10-23 17:14:10] [DEBUG] CHECKER_LOADER      |  + [X] Checker [com.fasoo.javafinch.syn.checker.basic.android.forbidden.DoNotRecordMediaChecker] is not enabled by configuration
[2021-10-23 17:14:10] [DEBUG] CHECKER_LOADER      |  + [X] Checker [com.fasoo.javafinch.syn.checker.basic.android.badparameter.BadParameterInPhoneStateListenerOnDataActivityChecker] is not enabled by configuration
[2021-10-23 17:14:10] [DEBUG] CHECKER_LOADER      |  + [X] Checker [com.fasoo.javafinch.syn.checker.basic.android.badparameter.BadParameterInGeocoderGetFromLocationLatitudeChecker] is not enabled by configuration
[2021-10-23 17:14:10] [DEBUG] CHECKER_LOADER      |  + [X] Checker [com.fasoo.javafinch.syn.checker.basic.android.badparameter.BadParameterInGpsStatusListenerOnGpsStatusChangedChecker] is not enabled by configuration
[2021-10-23 17:14:10] [DEBUG] CHECKER_LOADER      |  + [X] Checker [com.fasoo.javafinch.syn.checker.basic.android.badparameter.BadParameterInAbsListViewSetChoiceModeChecker] is not enabled by configuration
[2021-10-23 17:14:10] [DEBUG] CHECKER_LOADER      |  + [X] Checker [com.fasoo.javafinch.syn.checker.basic.android.badparameter.BadParameterInAddressAddressLineChecker] is not enabled by configuration
[2021-10-23 17:14:10] [DEBUG] CHECKER_LOADER      |  + [X] Checker [com.fasoo.javafinch.syn.checker.basic.android.badparameter.BadParameterInLayoutAnimationControllerSetOrderChecker] is not enabled by configuration
[2021-10-23 17:14:10] [DEBUG] CHECKER_LOADER      |  + [X] Checker [com.fasoo.javafinch.syn.checker.basic.android.badparameter.BadParameterInLocationConvertCoordinateChecker] is not enabled by configuration
[2021-10-23 17:14:10] [DEBUG] CHECKER_LOADER      |  + [X] Checker [com.fasoo.javafinch.syn.checker.basic.android.badparameter.BadParameterInAlarmManagerSetChecker] is not enabled by configuration
[2021-10-23 17:14:10] [DEBUG] CHECKER_LOADER      |  + [X] Checker [com.fasoo.javafinch.syn.checker.basic.android.badparameter.BadParameterInViewSetDrawingCacheQualityChecker] is not enabled by configuration
[2021-10-23 17:14:10] [DEBUG] CHECKER_LOADER      |  + [X] Checker [com.fasoo.javafinch.syn.checker.basic.android.badparameter.BadParameterInAnimationSetZAdjustmentChecker] is not enabled by configuration
[2021-10-23 17:14:10] [DEBUG] CHECKER_LOADER      |  + [X] Checker [com.fasoo.javafinch.syn.checker.basic.android.badparameter.BadParameterInGestureStoreSetSequenceTypeChecker] is not enabled by configuration
[2021-10-23 17:14:10] [DEBUG] CHECKER_LOADER      |  + [X] Checker [com.fasoo.javafinch.syn.checker.basic.android.badparameter.BadParameterInContextBindServiceChecker] is not enabled by configuration
[2021-10-23 17:14:10] [DEBUG] CHECKER_LOADER      |  + [X] Checker [com.fasoo.javafinch.syn.checker.basic.android.badparameter.BadParameterInDateUtilsFormatDateRangeChecker] is not enabled by configuration
[2021-10-23 17:14:10] [DEBUG] CHECKER_LOADER      |  + [X] Checker [com.fasoo.javafinch.syn.checker.basic.android.badparameter.BadParameterInDateUtilsGetAMPMStringChecker] is not enabled by configuration
[2021-10-23 17:14:10] [DEBUG] CHECKER_LOADER      |  + [X] Checker [com.fasoo.javafinch.syn.checker.basic.android.badparameter.BadParameterInTimeSetMonthDayChecker] is not enabled by configuration
[2021-10-23 17:14:10] [DEBUG] CHECKER_LOADER      |  + [X] Checker [com.fasoo.javafinch.syn.checker.basic.android.badparameter.BadParameterInParcelableWriteToParcelChecker] is not enabled by configuration
[2021-10-23 17:14:10] [DEBUG] CHECKER_LOADER      |  + [X] Checker [com.fasoo.javafinch.syn.checker.basic.android.badparameter.BadParameterInCriteriaSetAccuracyChecker] is not enabled by configuration
[2021-10-23 17:14:10] [DEBUG] CHECKER_LOADER      |  + [X] Checker [com.fasoo.javafinch.syn.checker.basic.android.badparameter.BadParameterInCameraParametersSetColorEffectChecker] is not enabled by configuration
[2021-10-23 17:14:10] [DEBUG] CHECKER_LOADER      |  + [X] Checker [com.fasoo.javafinch.syn.checker.basic.android.badparameter.BadParameterInDateUtilsGetDayOfWeekStringChecker] is not enabled by configuration
[2021-10-23 17:14:10] [DEBUG] CHECKER_LOADER      |  + [X] Checker [com.fasoo.javafinch.syn.checker.basic.android.badparameter.BadParameterInAudioManagerSetVibrateSettingChecker] is not enabled by configuration
[2021-10-23 17:14:10] [DEBUG] CHECKER_LOADER      |  + [X] Checker [com.fasoo.javafinch.syn.checker.basic.android.badparameter.BadParameterInTelephonyManagerListenChecker] is not enabled by configuration
[2021-10-23 17:14:10] [DEBUG] CHECKER_LOADER      |  + [X] Checker [com.fasoo.javafinch.syn.checker.basic.android.badparameter.BadParameterInContextCreatePackageContextChecker] is not enabled by configuration
[2021-10-23 17:14:10] [DEBUG] CHECKER_LOADER      |  + [X] Checker [com.fasoo.javafinch.syn.checker.basic.android.badparameter.BadParameterInPackageManagerSetApplicationEnabledSettingChecker] is not enabled by configuration
[2021-10-23 17:14:10] [DEBUG] CHECKER_LOADER      |  + [X] Checker [com.fasoo.javafinch.syn.checker.basic.android.badparameter.BadParameterInSensorManagerRegisterListenerChecker] is not enabled by configuration
[2021-10-23 17:14:10] [DEBUG] CHECKER_LOADER      |  + [X] Checker [com.fasoo.javafinch.syn.checker.basic.android.badparameter.BadParameterInCameraParametersSetFocusModeChecker] is not enabled by configuration
[2021-10-23 17:14:10] [DEBUG] CHECKER_LOADER      |  + [X] Checker [com.fasoo.javafinch.syn.checker.basic.android.badparameter.BadParameterInCameraParametersSetWhiteBalanceChecker] is not enabled by configuration
[2021-10-23 17:14:10] [DEBUG] CHECKER_LOADER      |  + [X] Checker [com.fasoo.javafinch.syn.checker.basic.android.badparameter.BadParameterInIntentParseUriChecker] is not enabled by configuration
[2021-10-23 17:14:10] [DEBUG] CHECKER_LOADER      |  + [X] Checker [com.fasoo.javafinch.syn.checker.basic.android.badparameter.BadParameterInInputMethodServiceSendDownUpKeyEventsChecker] is not enabled by configuration
[2021-10-23 17:14:10] [DEBUG] CHECKER_LOADER      |  + [X] Checker [com.fasoo.javafinch.syn.checker.basic.android.badparameter.BadParameterInAudioManagerAdjustStreamVolumeChecker] is not enabled by configuration
[2021-10-23 17:14:10] [DEBUG] CHECKER_LOADER      |  + [X] Checker [com.fasoo.javafinch.syn.checker.basic.android.badparameter.BadParameterInPackageManagerFlagZeroChecker] is not enabled by configuration
[2021-10-23 17:14:10] [DEBUG] CHECKER_LOADER      |  + [X] Checker [com.fasoo.javafinch.syn.checker.basic.android.badparameter.BadParameterInPhoneStateListenerOnCallStateChangedChecker] is not enabled by configuration
[2021-10-23 17:14:10] [DEBUG] CHECKER_LOADER      |  + [X] Checker [com.fasoo.javafinch.syn.checker.basic.android.badparameter.BadParameterInActivitySetProgressChecker] is not enabled by configuration
[2021-10-23 17:14:10] [DEBUG] CHECKER_LOADER      |  + [X] Checker [com.fasoo.javafinch.syn.checker.basic.android.badparameter.BadParameterInIntentFilterSetPriorityChecker] is not enabled by configuration
[2021-10-23 17:14:10] [DEBUG] CHECKER_LOADER      |  + [X] Checker [com.fasoo.javafinch.syn.checker.basic.android.badparameter.BadParameterInGeocoderGetFromLocationLongitudeChecker] is not enabled by configuration
[2021-10-23 17:14:10] [DEBUG] CHECKER_LOADER      |  + [X] Checker [com.fasoo.javafinch.syn.checker.basic.android.badparameter.BadParameterInActivityStartIntentSenderChecker] is not enabled by configuration
[2021-10-23 17:14:10] [DEBUG] CHECKER_LOADER      |  + [X] Checker [com.fasoo.javafinch.syn.checker.basic.android.badparameter.BadParameterInBitmapCreateBitmapChecker] is not enabled by configuration
[2021-10-23 17:14:10] [DEBUG] CHECKER_LOADER      |  + [X] Checker [com.fasoo.javafinch.syn.checker.basic.android.badparameter.BadParameterInAnimationResolveSizeChecker] is not enabled by configuration
[2021-10-23 17:14:10] [DEBUG] CHECKER_LOADER      |  + [X] Checker [com.fasoo.javafinch.syn.checker.basic.android.badparameter.BadParameterInCameraParametersSetSceneModeChecker] is not enabled by configuration
[2021-10-23 17:14:10] [DEBUG] CHECKER_LOADER      |  + [X] Checker [com.fasoo.javafinch.syn.checker.basic.android.badparameter.BadParameterInCameraParametersSetFlashModeChecker] is not enabled by configuration
[2021-10-23 17:14:10] [DEBUG] CHECKER_LOADER      |  + [X] Checker [com.fasoo.javafinch.syn.checker.basic.android.badparameter.BadParameterInInputMethodServiceGetTextForImeActionChecker] is not enabled by configuration
[2021-10-23 17:14:10] [DEBUG] CHECKER_LOADER      |  + [X] Checker [com.fasoo.javafinch.syn.checker.basic.android.badparameter.BadParameterInGLSurfaceViewSetRenderModeChecker] is not enabled by configuration
[2021-10-23 17:14:10] [DEBUG] CHECKER_LOADER      |  + [X] Checker [com.fasoo.javafinch.syn.checker.basic.android.badparameter.BadParameterInViewFocusSearchChecker] is not enabled by configuration
[2021-10-23 17:14:10] [DEBUG] CHECKER_LOADER      |  + [X] Checker [com.fasoo.javafinch.syn.checker.basic.android.badparameter.BadParameterInViewGroupSetPersistentDrawingCacheChecker] is not enabled by configuration
[2021-10-23 17:14:10] [DEBUG] CHECKER_LOADER      |  + [X] Checker [com.fasoo.javafinch.syn.checker.basic.android.badparameter.BadParameterInIntentAddSetFlagsChecker] is not enabled by configuration
[2021-10-23 17:14:10] [DEBUG] CHECKER_LOADER      |  + [X] Checker [com.fasoo.javafinch.syn.checker.basic.android.badparameter.BadParameterInAudioRecordGetMinBufferSizeChecker] is not enabled by configuration
[2021-10-23 17:14:10] [DEBUG] CHECKER_LOADER      |  + [X] Checker [com.fasoo.javafinch.syn.checker.basic.android.badparameter.BadParameterInDateUtilsGetMonthStringChecker] is not enabled by configuration
[2021-10-23 17:14:10] [DEBUG] CHECKER_LOADER      |  + [X] Checker [com.fasoo.javafinch.syn.checker.basic.android.badparameter.BadParameterInDrawableSetLevelChecker] is not enabled by configuration
[2021-10-23 17:14:10] [DEBUG] CHECKER_LOADER      |  + [X] Checker [com.fasoo.javafinch.syn.checker.basic.android.badparameter.BadParameterInPhoneNumberUtilsCalledPartyBCDToStringChecker] is not enabled by configuration
[2021-10-23 17:14:10] [DEBUG] CHECKER_LOADER      |  + [X] Checker [com.fasoo.javafinch.syn.checker.basic.android.badparameter.BadParameterInPackageManagerSetComponentEnabledSettingChecker] is not enabled by configuration
[2021-10-23 17:14:10] [DEBUG] CHECKER_LOADER      |  + [X] Checker [com.fasoo.javafinch.syn.checker.basic.android.badparameter.BadParameterInActivityGetPreferenceChecker] is not enabled by configuration
[2021-10-23 17:14:10] [DEBUG] CHECKER_LOADER      |  + [X] Checker [com.fasoo.javafinch.syn.checker.basic.android.badparameter.BadParameterInCanvasSaveLayerChecker] is not enabled by configuration
[2021-10-23 17:14:10] [DEBUG] CHECKER_LOADER      |  + [X] Checker [com.fasoo.javafinch.syn.checker.basic.android.badparameter.BadParameterInMetaKeyKeyListenerGetMetaStateChecker] is not enabled by configuration
[2021-10-23 17:14:10] [DEBUG] CHECKER_LOADER      |  + [X] Checker [com.fasoo.javafinch.syn.checker.basic.android.badparameter.BadParameterInViewFocusChecker] is not enabled by configuration
[2021-10-23 17:14:10] [DEBUG] CHECKER_LOADER      |  + [X] Checker [com.fasoo.javafinch.syn.checker.basic.android.badparameter.BadParameterInAudioManagerShouldVibrateChecker] is not enabled by configuration
[2021-10-23 17:14:10] [DEBUG] CHECKER_LOADER      |  + [X] Checker [com.fasoo.javafinch.syn.checker.basic.android.badparameter.BadParameterInLocationListenerOnStatusChangedChecker] is not enabled by configuration
[2021-10-23 17:14:10] [DEBUG] CHECKER_LOADER      |  + [X] Checker [com.fasoo.javafinch.syn.checker.basic.android.badparameter.BadParameterInCameraParametersSetAntibandingChecker] is not enabled by configuration
[2021-10-23 17:14:10] [DEBUG] CHECKER_LOADER      |  + [X] Checker [com.fasoo.javafinch.syn.checker.basic.android.badparameter.BadParameterInAudioManagerGetVibrateSettingChecker] is not enabled by configuration
[2021-10-23 17:14:10] [DEBUG] CHECKER_LOADER      |  + [X] Checker [com.fasoo.javafinch.syn.checker.basic.android.badparameter.BadParameterInVelocityTrackerComputeCurrentVelocityChecker] is not enabled by configuration
[2021-10-23 17:14:10] [DEBUG] CHECKER_LOADER      |  + [X] Checker [com.fasoo.javafinch.syn.checker.basic.android.badparameter.BadParameterInPopupWindowSetInputMethodModeChecker] is not enabled by configuration
[2021-10-23 17:14:10] [DEBUG] CHECKER_LOADER      |  + [X] Checker [com.fasoo.javafinch.syn.checker.basic.android.badparameter.BadParameterInAudioManagerSetRingerModeChecker] is not enabled by configuration
[2021-10-23 17:14:10] [DEBUG] CHECKER_LOADER      |  + [X] Checker [com.fasoo.javafinch.syn.checker.basic.android.badparameter.BadParameterInViewGroupSetDescendantFocusabilityChecker] is not enabled by configuration
[2021-10-23 17:14:10] [DEBUG] CHECKER_LOADER      |  + [X] Checker [com.fasoo.javafinch.syn.checker.basic.android.badparameter.BadParameterInPhoneStateListenerOnDataConnectionStateChangedChecker] is not enabled by configuration
[2021-10-23 17:14:10] [DEBUG] CHECKER_LOADER      |  + [X] Checker [com.fasoo.javafinch.syn.checker.basic.android.badparameter.BadParameterInBluetoothClassHasServiceChecker] is not enabled by configuration
[2021-10-23 17:14:10] [DEBUG] CHECKER_LOADER      |  + [X] Checker [com.fasoo.javafinch.syn.checker.basic.android.badparameter.BadParameterInPaintSetTextSizeChecker] is not enabled by configuration
[2021-10-23 17:14:10] [DEBUG] CHECKER_LOADER      |  + [X] Checker [com.fasoo.javafinch.syn.checker.basic.android.badparameter.BadParameterInSoundEffectConstantsGetContantForFocusDirectionChecker] is not enabled by configuration
[2021-10-23 17:14:10] [DEBUG] CHECKER_LOADER      |  + [X] Checker [com.fasoo.javafinch.syn.checker.basic.android.badparameter.BadParameterInViewSetVisibilityChecker] is not enabled by configuration
[2021-10-23 17:14:10] [DEBUG] CHECKER_LOADER      |  + [X] Checker [com.fasoo.javafinch.syn.checker.basic.android.badparameter.BadParameterInMotionEventObtainChecker] is not enabled by configuration
[2021-10-23 17:14:10] [DEBUG] CHECKER_LOADER      |  + [X] Checker [com.fasoo.javafinch.syn.checker.basic.android.badparameter.BadParameterInLocationConvertOutputTypeChecker] is not enabled by configuration
[2021-10-23 17:14:10] [DEBUG] CHECKER_LOADER      |  + [X] Checker [com.fasoo.javafinch.syn.checker.basic.android.badparameter.BadParameterInContextGetSystemServiceChecker] is not enabled by configuration
[2021-10-23 17:14:10] [DEBUG] CHECKER_LOADER      |  + [X] Checker [com.fasoo.javafinch.syn.checker.basic.android.badparameter.BadParameterInTimeSetMonthChecker] is not enabled by configuration
[2021-10-23 17:14:10] [DEBUG] CHECKER_LOADER      |  + [X] Checker [com.fasoo.javafinch.syn.checker.basic.android.badparameter.BadParameterInViewSetScrollBarStyleChecker] is not enabled by configuration
[2021-10-23 17:14:10] [DEBUG] CHECKER_LOADER      |  + [X] Checker [com.fasoo.javafinch.syn.checker.basic.android.badparameter.BadParameterInAlertDialogSetButtonChecker] is not enabled by configuration
[2021-10-23 17:14:10] [DEBUG] CHECKER_LOADER      |  + [X] Checker [com.fasoo.javafinch.syn.checker.basic.android.badparameter.BadParameterInBinderTransactChecker] is not enabled by configuration
[2021-10-23 17:14:10] [DEBUG] CHECKER_LOADER      |  + [X] Checker [com.fasoo.javafinch.syn.checker.basic.android.badparameter.BadParameterInIntentFilterAddDataPathChecker] is not enabled by configuration
[2021-10-23 17:14:10] [DEBUG] CHECKER_LOADER      |  + [X] Checker [com.fasoo.javafinch.syn.checker.basic.android.badparameter.BadParameterInGestureStoreSetOrientationStyleChecker] is not enabled by configuration
[2021-10-23 17:14:10] [DEBUG] CHECKER_LOADER      |  + [X] Checker [com.fasoo.javafinch.syn.checker.basic.android.badparameter.BadParameterInContextPermissionPidChecker] is not enabled by configuration
[2021-10-23 17:14:10] [DEBUG] CHECKER_LOADER      |  + [X] Checker [com.fasoo.javafinch.syn.checker.basic.android.badparameter.BadParameterInAnimationSetRepeatModeChecker] is not enabled by configuration
[2021-10-23 17:14:10] [DEBUG] CHECKER_LOADER      |  + [X] Checker [com.fasoo.javafinch.syn.checker.basic.android.badparameter.BadParameterInTextToSpeechQueueModeChecker] is not enabled by configuration
[2021-10-23 17:14:10] [DEBUG] CHECKER_LOADER      |  + [X] Checker [com.fasoo.javafinch.syn.checker.basic.android.badparameter.BadParameterInSensorManagerRemapCoordinateSystemChecker] is not enabled by configuration
[2021-10-23 17:14:10] [DEBUG] CHECKER_LOADER      |  + [X] Checker [com.fasoo.javafinch.syn.checker.basic.android.badparameter.BadParameterInDrawableSetAlphaChecker] is not enabled by configuration
[2021-10-23 17:14:10] [INFO ] CHECKER_LOADER      |  + [O] Checker [com.fasoo.javafinch.syn.checker.basic.DoNotNotifyInSynchronizedChecker] loaded successfully
[2021-10-23 17:14:10] [DEBUG] CHECKER_LOADER      |  + [X] Checker [com.fasoo.javafinch.syn.checker.basic.MultipleBindsToTheSamePortChecker] is not enabled by configuration
[2021-10-23 17:14:10] [DEBUG] CHECKER_LOADER      |  + [X] Checker [com.fasoo.javafinch.syn.checker.basic.BadOverrideChecker] is not enabled by configuration
[2021-10-23 17:14:10] [INFO ] CHECKER_LOADER      |  + [O] Checker [com.fasoo.javafinch.syn.checker.basic.BadExceptionalConditionChecker] loaded successfully
[2021-10-23 17:14:10] [DEBUG] CHECKER_LOADER      |  + [X] Checker [com.fasoo.javafinch.syn.checker.basic.ClassCastChecker] is not enabled by configuration
[2021-10-23 17:14:10] [INFO ] CHECKER_LOADER      |  + [O] Checker [com.fasoo.javafinch.syn.checker.basic.BadCollectionRemovalIntegerTypeChecker] loaded successfully
[2021-10-23 17:14:10] [DEBUG] CHECKER_LOADER      |  + [X] Checker [com.fasoo.javafinch.syn.checker.basic.LeftoverDebugCodeChecker] is not enabled by configuration
[2021-10-23 17:14:10] [DEBUG] CHECKER_LOADER      |  + [X] Checker [com.fasoo.javafinch.syn.checker.basic.IteratorChecker] is not enabled by configuration
[2021-10-23 17:14:10] [DEBUG] CHECKER_LOADER      |  + [X] Checker [com.fasoo.javafinch.syn.checker.basic.SensitiveCookieInHttpsSessionWithoutSecureAttributeChecker] is not enabled by configuration
[2021-10-23 17:14:10] [DEBUG] CHECKER_LOADER      |  + [X] Checker [com.fasoo.javafinch.syn.checker.basic.PasswordManagementPasswordInRedirectChecker] is not enabled by configuration
[2021-10-23 17:14:10] [INFO ] CHECKER_LOADER      |  + [O] Checker [com.fasoo.javafinch.syn.checker.basic.DoNotAccessPrivateMemberOfOuterClassChecker] loaded successfully
[2021-10-23 17:14:10] [DEBUG] CHECKER_LOADER      |  + [X] Checker [com.fasoo.javafinch.syn.checker.basic.UsingMessedLoopIncrementersChecker] is not enabled by configuration
[2021-10-23 17:14:10] [DEBUG] CHECKER_LOADER      |  + [X] Checker [com.fasoo.javafinch.syn.checker.basic.ReturnStatementInAFinallyBlockChecker] is not enabled by configuration
[2021-10-23 17:14:10] [DEBUG] CHECKER_LOADER      |  + [X] Checker [com.fasoo.javafinch.syn.checker.basic.IncorrectPermissionAssignmentForCriticalResourceChecker] is not enabled by configuration
[2021-10-23 17:14:10] [DEBUG] CHECKER_LOADER      |  + [X] Checker [com.fasoo.javafinch.syn.checker.basic.MutableHashCodeChecker] is not enabled by configuration
[2021-10-23 17:14:10] [INFO ] CHECKER_LOADER      |  + [O] Checker [com.fasoo.javafinch.syn.checker.basic.ImplicitCastingCallChecker] loaded successfully
[2021-10-23 17:14:10] [DEBUG] CHECKER_LOADER      |  + [X] Checker [com.fasoo.javafinch.syn.checker.basic.BadEqChecker] is not enabled by configuration
[2021-10-23 17:14:10] [DEBUG] CHECKER_LOADER      |  + [X] Checker [com.fasoo.javafinch.syn.checker.basic.BadMethodProtectedChecker] is not enabled by configuration
[2021-10-23 17:14:10] [DEBUG] CHECKER_LOADER      |  + [X] Checker [com.fasoo.javafinch.syn.checker.basic.UseOfInsufficientRandomValuesChecker] is not enabled by configuration
[2021-10-23 17:14:10] [DEBUG] CHECKER_LOADER      |  + [X] Checker [com.fasoo.javafinch.syn.checker.basic.PrivateCollectionChecker] is not enabled by configuration
[2021-10-23 17:14:10] [DEBUG] CHECKER_LOADER      |  + [X] Checker [com.fasoo.javafinch.syn.checker.basic.MethodIgnoresReturnValueChecker] is not enabled by configuration
[2021-10-23 17:14:10] [INFO ] CHECKER_LOADER      |  + [O] Checker [com.fasoo.javafinch.syn.checker.basic.DoNotCallExecChecker] loaded successfully
[2021-10-23 17:14:10] [DEBUG] CHECKER_LOADER      |  + [X] Checker [com.fasoo.javafinch.syn.checker.basic.MissingDefaultInSwitchBlockChecker] is not enabled by configuration
[2021-10-23 17:14:10] [DEBUG] CHECKER_LOADER      |  + [X] Checker [com.fasoo.javafinch.syn.checker.basic.DataLeakBetweenSessionsChecker] is not enabled by configuration
[2021-10-23 17:14:10] [DEBUG] CHECKER_LOADER      |  + [X] Checker [com.fasoo.javafinch.syn.checker.basic.BadMethodInnerClassChecker] is not enabled by configuration
[2021-10-23 17:14:10] [DEBUG] CHECKER_LOADER      |  + [X] Checker [com.fasoo.javafinch.syn.checker.basic.EqualsMethodIsOverloadedChecker] is not enabled by configuration
[2021-10-23 17:14:10] [INFO ] CHECKER_LOADER      |  + [O] Checker [com.fasoo.javafinch.syn.checker.basic.UnreasedLockChecker] loaded successfully
[2021-10-23 17:14:10] [DEBUG] CHECKER_LOADER      |  + [X] Checker [com.fasoo.javafinch.syn.checker.basic.InvocationOfEqualsOnArrayChecker] is not enabled by configuration
[2021-10-23 17:14:10] [INFO ] CHECKER_LOADER      |  + [O] Checker [com.fasoo.javafinch.syn.checker.basic.DoNotUseNestedTryChecker] loaded successfully
[2021-10-23 17:14:10] [DEBUG] CHECKER_LOADER      |  + [X] Checker [com.fasoo.javafinch.syn.checker.basic.ImproperAuthorizationChecker] is not enabled by configuration
[2021-10-23 17:14:10] [INFO ] CHECKER_LOADER      |  + [O] Checker [com.fasoo.javafinch.syn.checker.basic.ImplicitCastingAssignmentChecker] loaded successfully
[2021-10-23 17:14:10] [DEBUG] CHECKER_LOADER      |  + [X] Checker [com.fasoo.javafinch.syn.checker.basic.PublicDataAssignedToPrivateArrayChecker] is not enabled by configuration
[2021-10-23 17:14:10] [DEBUG] CHECKER_LOADER      |  + [X] Checker [com.fasoo.javafinch.syn.checker.basic.MutableComparisonChecker] is not enabled by configuration
[2021-10-23 17:14:10] [INFO ] CHECKER_LOADER      |  + [O] Checker [com.fasoo.javafinch.syn.checker.basic.IncorrectSerialPersistentFieldsModifierChecker] loaded successfully
[2021-10-23 17:14:10] [DEBUG] CHECKER_LOADER      |  + [X] Checker [com.fasoo.javafinch.syn.checker.basic.EmptyCatchBlockChecker] is not enabled by configuration
[2021-10-23 17:14:10] [DEBUG] CHECKER_LOADER      |  + [X] Checker [com.fasoo.javafinch.syn.checker.basic.WeakEncryptionInadequateRsaPaddingChecker] is not enabled by configuration
[2021-10-23 17:14:10] [DEBUG] CHECKER_LOADER      |  + [X] Checker [com.fasoo.javafinch.syn.checker.basic.ImpossibleDownCastOfToarrayChecker] is not enabled by configuration
[2021-10-23 17:14:10] [DEBUG] CHECKER_LOADER      |  + [X] Checker [com.fasoo.javafinch.syn.checker.basic.AvoidFinalizersChecker] is not enabled by configuration
[2021-10-23 17:14:10] [INFO ] CHECKER_LOADER      |  + [O] Checker [com.fasoo.javafinch.syn.checker.basic.DoNotUseNotifyChecker] loaded successfully
[2021-10-23 17:14:10] [INFO ] CHECKER_LOADER      |  + [O] Checker [com.fasoo.javafinch.syn.checker.basic.NeverUseRawTypeChecker] loaded successfully
[2021-10-23 17:14:10] [DEBUG] CHECKER_LOADER      |  + [X] Checker [com.fasoo.javafinch.syn.checker.basic.MethodNameIsNotIntendedChecker] is not enabled by configuration
[2021-10-23 17:14:10] [INFO ] CHECKER_LOADER      |  + [O] Checker [com.fasoo.javafinch.syn.checker.basic.DoubleCheckedLockingChecker] loaded successfully
[2021-10-23 17:14:10] [INFO ] CHECKER_LOADER      |  + [O] Checker [com.fasoo.javafinch.syn.checker.basic.DoNotReturnPrivateFieldOfOuterClassChecker] loaded successfully
[2021-10-23 17:14:10] [DEBUG] CHECKER_LOADER      |  + [X] Checker [com.fasoo.javafinch.syn.checker.basic.AvoidUsingPublicStaticFinalArrayChecker] is not enabled by configuration
[2021-10-23 17:14:10] [INFO ] CHECKER_LOADER      |  + [O] Checker [com.fasoo.javafinch.syn.checker.basic.DoNotCastGenericIteratorChecker] loaded successfully
[2021-10-23 17:14:10] [INFO ] CHECKER_LOADER      |  + [O] Checker [com.fasoo.javafinch.syn.checker.basic.DoNotWaitInSynchronizedWithoutControlChecker] loaded successfully
[2021-10-23 17:14:10] [INFO ] CHECKER_LOADER      |  + [O] Checker [com.fasoo.javafinch.syn.checker.basic.BadEqualityExpressionFloatChecker] loaded successfully
[2021-10-23 17:14:10] [DEBUG] CHECKER_LOADER      |  + [X] Checker [com.fasoo.javafinch.syn.checker.basic.UseStrictfpClassWithMaxValueChecker] is not enabled by configuration
[2021-10-23 17:14:10] [DEBUG] CHECKER_LOADER      |  + [X] Checker [com.fasoo.javafinch.syn.checker.basic.CallSuperChecker] is not enabled by configuration
[2021-10-23 17:14:10] [INFO ] CHECKER_LOADER      |  + [O] Checker [com.fasoo.javafinch.syn.checker.basic.StringConversionWithConstructorChecker] loaded successfully
[2021-10-23 17:14:10] [INFO ] CHECKER_LOADER      |  + [O] Checker [com.fasoo.javafinch.syn.checker.basic.DoNotSleepOrYieldWithoutControlChecker] loaded successfully
[2021-10-23 17:14:10] [INFO ] CHECKER_LOADER      |  + [O] Checker [com.fasoo.javafinch.syn.checker.basic.SetStaticInNonStaticChecker] loaded successfully
[2021-10-23 17:14:10] [DEBUG] CHECKER_LOADER      |  + [X] Checker [com.fasoo.javafinch.syn.checker.basic.PASSWORD_IN_SERVLET_COMMENT_Checker] is not enabled by configuration
[2021-10-23 17:14:10] [DEBUG] CHECKER_LOADER      |  + [X] Checker [com.fasoo.javafinch.syn.checker.basic.WeakEncryptionInsufficientKeySizeChecker] is not enabled by configuration
[2021-10-23 17:14:10] [INFO ] CHECKER_LOADER      |  + [O] Checker [com.fasoo.javafinch.syn.checker.basic.UseStrictfpForDivisionChecker] loaded successfully
[2021-10-23 17:14:10] [DEBUG] CHECKER_LOADER      |  + [X] Checker [com.fasoo.javafinch.syn.checker.basic.WeakCryptographicHashHardcodedSaltChecker] is not enabled by configuration
[2021-10-23 17:14:10] [INFO ] CHECKER_LOADER      |  + [O] Checker [com.fasoo.javafinch.syn.checker.basic.UseOfSocketsChecker] loaded successfully
[2021-10-23 17:14:10] [DEBUG] CHECKER_LOADER      |  + [X] Checker [com.fasoo.javafinch.syn.checker.basic.CriticalPublicVariableWithoutFinalModifierChecker] is not enabled by configuration
[2021-10-23 17:14:10] [DEBUG] CHECKER_LOADER      |  + [X] Checker [com.fasoo.javafinch.syn.checker.basic.UseOfInnerClassContainingSensitiveDataChecker] is not enabled by configuration
[2021-10-23 17:14:10] [DEBUG] CHECKER_LOADER      |  + [X] Checker [com.fasoo.javafinch.syn.checker.basic.PasswordManagementHeapInspectionChecker] is not enabled by configuration
[2021-10-23 17:14:10] [DEBUG] CHECKER_LOADER      |  + [X] Checker [com.fasoo.javafinch.syn.checker.basic.WeakPasswordRequirementsChecker] is not enabled by configuration
[2021-10-23 17:14:10] [DEBUG] CHECKER_LOADER      |  + [X] Checker [com.fasoo.javafinch.syn.checker.basic.VirtualInCtorChecker] is not enabled by configuration
[2021-10-23 17:14:10] [INFO ] CHECKER_LOADER      |  + [O] Checker [com.fasoo.javafinch.syn.checker.basic.ImproperCheckForUnusualOrExceptionalConditionChecker] loaded successfully
[2021-10-23 17:14:10] [DEBUG] CHECKER_LOADER      |  + [X] Checker [com.fasoo.javafinch.syn.checker.basic.UseOfHardcodedCryptographicKeyChecker] is not enabled by configuration
[2021-10-23 17:14:10] [INFO ] CHECKER_LOADER      |  + [O] Checker [com.fasoo.javafinch.syn.checker.basic.MissingSynchronizedForOverridingChecker] loaded successfully
[2021-10-23 17:14:10] [DEBUG] CHECKER_LOADER      |  + [X] Checker [com.fasoo.javafinch.syn.checker.cc.PackagePathNiceChecker] is not enabled by configuration
[2021-10-23 17:14:10] [DEBUG] CHECKER_LOADER      |  + [X] Checker [com.fasoo.javafinch.syn.checker.cc.BadCommentPositionBlockChecker] is not enabled by configuration
[2021-10-23 17:14:10] [DEBUG] CHECKER_LOADER      |  + [X] Checker [com.fasoo.javafinch.syn.checker.cc.BadInitMissingAfterLocalDeclarationChecker] is not enabled by configuration
[2021-10-23 17:14:10] [DEBUG] CHECKER_LOADER      |  + [X] Checker [com.fasoo.javafinch.syn.checker.cc.DoNotUseConstantOfInnerClassChecker] is not enabled by configuration
[2021-10-23 17:14:10] [DEBUG] CHECKER_LOADER      |  + [X] Checker [com.fasoo.javafinch.syn.checker.cc.BadCurlybraceDeclarationChecker] is not enabled by configuration
[2021-10-23 17:14:10] [DEBUG] CHECKER_LOADER      |  + [X] Checker [com.fasoo.javafinch.syn.checker.cc.BadNameDuplicatedChecker] is not enabled by configuration
[2021-10-23 17:14:10] [DEBUG] CHECKER_LOADER      |  + [X] Checker [com.fasoo.javafinch.syn.checker.cc.BadWhitespaceCallChecker] is not enabled by configuration
[2021-10-23 17:14:10] [DEBUG] CHECKER_LOADER      |  + [X] Checker [com.fasoo.javafinch.syn.checker.cc.BadIfOnlyChecker] is not enabled by configuration
[2021-10-23 17:14:10] [DEBUG] CHECKER_LOADER      |  + [X] Checker [com.fasoo.javafinch.syn.checker.cc.UseNewThrowCauseChecker] is not enabled by configuration
[2021-10-23 17:14:10] [DEBUG] CHECKER_LOADER      |  + [X] Checker [com.fasoo.javafinch.syn.checker.cc.BadVariableDeclarationChecker] is not enabled by configuration
[2021-10-23 17:14:10] [DEBUG] CHECKER_LOADER      |  + [X] Checker [com.fasoo.javafinch.syn.checker.cc.TooComplexForStatementChecker] is not enabled by configuration
[2021-10-23 17:14:10] [DEBUG] CHECKER_LOADER      |  + [X] Checker [com.fasoo.javafinch.syn.checker.cc.BadWhitespaceIfStatementChecker] is not enabled by configuration
[2021-10-23 17:14:10] [DEBUG] CHECKER_LOADER      |  + [X] Checker [com.fasoo.javafinch.syn.checker.cc.BadWhitespaceEndLineChecker] is not enabled by configuration
[2021-10-23 17:14:10] [DEBUG] CHECKER_LOADER      |  + [X] Checker [com.fasoo.javafinch.syn.checker.cc.TooLongColumnChecker] is not enabled by configuration
[2021-10-23 17:14:10] [DEBUG] CHECKER_LOADER      |  + [X] Checker [com.fasoo.javafinch.syn.checker.cc.BadCommentPositionSingleChecker] is not enabled by configuration
[2021-10-23 17:14:10] [DEBUG] CHECKER_LOADER      |  + [X] Checker [com.fasoo.javafinch.syn.checker.cc.BadVariableDeclarationLoopChecker] is not enabled by configuration
[2021-10-23 17:14:10] [DEBUG] CHECKER_LOADER      |  + [X] Checker [com.fasoo.javafinch.syn.checker.cc.DoNotUseDoWhileChecker] is not enabled by configuration
[2021-10-23 17:14:10] [DEBUG] CHECKER_LOADER      |  + [X] Checker [com.fasoo.javafinch.syn.checker.cc.BadWhitespaceForStatementChecker] is not enabled by configuration
[2021-10-23 17:14:10] [DEBUG] CHECKER_LOADER      |  + [X] Checker [com.fasoo.javafinch.syn.checker.cc.BadIndentationPackageChecker] is not enabled by configuration
[2021-10-23 17:14:10] [DEBUG] CHECKER_LOADER      |  + [X] Checker [com.fasoo.javafinch.syn.checker.cc.UseOneStatementPerLineChecker] is not enabled by configuration
[2021-10-23 17:14:10] [DEBUG] CHECKER_LOADER      |  + [X] Checker [com.fasoo.javafinch.syn.checker.cc.BadWhitespaceSwitchStatementChecker] is not enabled by configuration
[2021-10-23 17:14:10] [DEBUG] CHECKER_LOADER      |  + [X] Checker [com.fasoo.javafinch.syn.checker.cc.BadNameTooLongChecker] is not enabled by configuration
[2021-10-23 17:14:10] [DEBUG] CHECKER_LOADER      |  + [X] Checker [com.fasoo.javafinch.syn.checker.cc.MissingCompoundStatementChecker] is not enabled by configuration
[2021-10-23 17:14:10] [DEBUG] CHECKER_LOADER      |  + [X] Checker [com.fasoo.javafinch.syn.checker.cc.AccessingConstantIndexInLoopChecker] is not enabled by configuration
[2021-10-23 17:14:10] [DEBUG] CHECKER_LOADER      |  + [X] Checker [com.fasoo.javafinch.syn.checker.cc.HardCodingStringComparisonChecker] is not enabled by configuration
[2021-10-23 17:14:10] [DEBUG] CHECKER_LOADER      |  + [X] Checker [com.fasoo.javafinch.syn.checker.cc.BadWhitespaceCommaChecker] is not enabled by configuration
[2021-10-23 17:14:10] [DEBUG] CHECKER_LOADER      |  + [X] Checker [com.fasoo.javafinch.syn.checker.cc.BadIndentationDoStatementChecker] is not enabled by configuration
[2021-10-23 17:14:10] [DEBUG] CHECKER_LOADER      |  + [X] Checker [com.fasoo.javafinch.syn.checker.cc.DoNotUseHardCodingNumberChecker] is not enabled by configuration
[2021-10-23 17:14:10] [DEBUG] CHECKER_LOADER      |  + [X] Checker [com.fasoo.javafinch.syn.checker.cc.BadWhitespaceCatchStatementChecker] is not enabled by configuration
[2021-10-23 17:14:10] [DEBUG] CHECKER_LOADER      |  + [X] Checker [com.fasoo.javafinch.syn.checker.cc.MissingPackageDeclarationChecker] is not enabled by configuration
[2021-10-23 17:14:10] [DEBUG] CHECKER_LOADER      |  + [X] Checker [com.fasoo.javafinch.syn.checker.cc.BadIndentationCaseLabelsChecker] is not enabled by configuration
[2021-10-23 17:14:10] [INFO ] CHECKER_LOADER      |  + [O] Checker [com.fasoo.javafinch.syn.checker.cc.DoNotUseDeprecatedAPIChecker] loaded successfully
[2021-10-23 17:14:10] [DEBUG] CHECKER_LOADER      |  + [X] Checker [com.fasoo.javafinch.syn.checker.cc.MissingBlankLineFieldChecker] is not enabled by configuration
[2021-10-23 17:14:10] [DEBUG] CHECKER_LOADER      |  + [X] Checker [com.fasoo.javafinch.syn.checker.cc.DirectUseOfIntegerLiteralChecker] is not enabled by configuration
[2021-10-23 17:14:10] [DEBUG] CHECKER_LOADER      |  + [X] Checker [com.fasoo.javafinch.syn.checker.cc.ForbiddenTrimLenthChecker] is not enabled by configuration
[2021-10-23 17:14:10] [DEBUG] CHECKER_LOADER      |  + [X] Checker [com.fasoo.javafinch.syn.checker.cc.BadNamePackageChecker] is not enabled by configuration
[2021-10-23 17:14:10] [DEBUG] CHECKER_LOADER      |  + [X] Checker [com.fasoo.javafinch.syn.checker.cc.RedundantNameChecker] is not enabled by configuration
[2021-10-23 17:14:10] [DEBUG] CHECKER_LOADER      |  + [X] Checker [com.fasoo.javafinch.syn.checker.cc.BadVariableDeclarationFieldChecker] is not enabled by configuration
[2021-10-23 17:14:10] [INFO ] CHECKER_LOADER      |  + [O] Checker [com.fasoo.javafinch.syn.checker.cc.BadOperatorMultipleVariableAssignmentChecker] loaded successfully
[2021-10-23 17:14:10] [DEBUG] CHECKER_LOADER      |  + [X] Checker [com.fasoo.javafinch.syn.checker.cc.BadOperatorTooManyLogicalOperationsChecker] is not enabled by configuration
[2021-10-23 17:14:10] [DEBUG] CHECKER_LOADER      |  + [X] Checker [com.fasoo.javafinch.syn.checker.cc.EmptyBranchChecker] is not enabled by configuration
[2021-10-23 17:14:10] [DEBUG] CHECKER_LOADER      |  + [X] Checker [com.fasoo.javafinch.syn.checker.cc.MaxLineLengthChecker] is not enabled by configuration
[2021-10-23 17:14:10] [DEBUG] CHECKER_LOADER      |  + [X] Checker [com.fasoo.javafinch.syn.checker.cc.BadNameMethodChecker] is not enabled by configuration
[2021-10-23 17:14:10] [DEBUG] CHECKER_LOADER      |  + [X] Checker [com.fasoo.javafinch.syn.checker.cc.FieldAssignedInConstructorShouldBeFinalChecker] is not enabled by configuration
[2021-10-23 17:14:10] [DEBUG] CHECKER_LOADER      |  + [X] Checker [com.fasoo.javafinch.syn.checker.cc.UseOneDeclarationPerLineChecker] is not enabled by configuration
[2021-10-23 17:14:10] [DEBUG] CHECKER_LOADER      |  + [X] Checker [com.fasoo.javafinch.syn.checker.cc.BadIndentationFieldChecker] is not enabled by configuration
[2021-10-23 17:14:10] [DEBUG] CHECKER_LOADER      |  + [X] Checker [com.fasoo.javafinch.syn.checker.cc.MissingBlankLineChecker] is not enabled by configuration
[2021-10-23 17:14:10] [DEBUG] CHECKER_LOADER      |  + [X] Checker [com.fasoo.javafinch.syn.checker.cc.BadWhitespaceCastingChecker] is not enabled by configuration
[2021-10-23 17:14:10] [DEBUG] CHECKER_LOADER      |  + [X] Checker [com.fasoo.javafinch.syn.checker.cc.BadCompoundStatementCurlyBraceChecker] is not enabled by configuration
[2021-10-23 17:14:10] [DEBUG] CHECKER_LOADER      |  + [X] Checker [com.fasoo.javafinch.syn.checker.cc.BadEmptyForStatementChecker] is not enabled by configuration
[2021-10-23 17:14:10] [DEBUG] CHECKER_LOADER      |  + [X] Checker [com.fasoo.javafinch.syn.checker.cc.BadNameBatchHana] is not enabled by configuration
[2021-10-23 17:14:10] [DEBUG] CHECKER_LOADER      |  + [X] Checker [com.fasoo.javafinch.syn.checker.cc.DoNotAppendStringsChecker] is not enabled by configuration
[2021-10-23 17:14:10] [DEBUG] CHECKER_LOADER      |  + [X] Checker [com.fasoo.javafinch.syn.checker.cc.OctalValueUsedChecker] is not enabled by configuration
[2021-10-23 17:14:10] [DEBUG] CHECKER_LOADER      |  + [X] Checker [com.fasoo.javafinch.syn.checker.cc.ForbiddenInetAddressChecker] is not enabled by configuration
[2021-10-23 17:14:10] [DEBUG] CHECKER_LOADER      |  + [X] Checker [com.fasoo.javafinch.syn.checker.cc.DoNotLockOrUnlockInLoopChecker] is not enabled by configuration
[2021-10-23 17:14:10] [DEBUG] CHECKER_LOADER      |  + [X] Checker [com.fasoo.javafinch.syn.checker.cc.BadArrayDeclarationChecker] is not enabled by configuration
[2021-10-23 17:14:10] [DEBUG] CHECKER_LOADER      |  + [X] Checker [com.fasoo.javafinch.syn.checker.cc.BadCommentPositionTrailingChecker] is not enabled by configuration
[2021-10-23 17:14:10] [DEBUG] CHECKER_LOADER      |  + [X] Checker [com.fasoo.javafinch.syn.checker.cc.BadWhitespaceKeywordChecker] is not enabled by configuration
[2021-10-23 17:14:10] [DEBUG] CHECKER_LOADER      |  + [X] Checker [com.fasoo.javafinch.syn.checker.cc.DoNotUseAdjacentBinaryOperatorChecker] is not enabled by configuration
[2021-10-23 17:14:10] [DEBUG] CHECKER_LOADER      |  + [X] Checker [com.fasoo.javafinch.syn.checker.cc.BadWhitespaceWhileStatementChecker] is not enabled by configuration
[2021-10-23 17:14:10] [DEBUG] CHECKER_LOADER      |  + [X] Checker [com.fasoo.javafinch.syn.checker.cc.BadNameVariableHanaChecker] is not enabled by configuration
[2021-10-23 17:14:10] [DEBUG] CHECKER_LOADER      |  + [X] Checker [com.fasoo.javafinch.syn.checker.cc.DoNotReadStreamInLoopChecker] is not enabled by configuration
[2021-10-23 17:14:10] [DEBUG] CHECKER_LOADER      |  + [X] Checker [com.fasoo.javafinch.syn.checker.cc.BadThrowForbiddenException] is not enabled by configuration
[2021-10-23 17:14:10] [DEBUG] CHECKER_LOADER      |  + [X] Checker [com.fasoo.javafinch.syn.checker.cc.BadNameSpecialCharacterChecker] is not enabled by configuration
[2021-10-23 17:14:10] [DEBUG] CHECKER_LOADER      |  + [X] Checker [com.fasoo.javafinch.syn.checker.cc.BadIndentationClassChecker] is not enabled by configuration
[2021-10-23 17:14:10] [DEBUG] CHECKER_LOADER      |  + [X] Checker [com.fasoo.javafinch.syn.checker.cc.DoNotImportOnDemandChecker] is not enabled by configuration
[2021-10-23 17:14:10] [INFO ] CHECKER_LOADER      |  + [O] Checker [com.fasoo.javafinch.syn.checker.cc.PublicFieldShouldBeUsedWithoutMethodChecker] loaded successfully
[2021-10-23 17:14:10] [DEBUG] CHECKER_LOADER      |  + [X] Checker [com.fasoo.javafinch.syn.checker.cc.MissingBlankLineImportChecker] is not enabled by configuration
[2021-10-23 17:14:10] [DEBUG] CHECKER_LOADER      |  + [X] Checker [com.fasoo.javafinch.syn.checker.cc.MissingFinallyInTryCatchChecker] is not enabled by configuration
[2021-10-23 17:14:10] [DEBUG] CHECKER_LOADER      |  + [X] Checker [com.fasoo.javafinch.syn.checker.cc.BadIndentationSwitchStatementChecker] is not enabled by configuration
[2021-10-23 17:14:10] [DEBUG] CHECKER_LOADER      |  + [X] Checker [com.fasoo.javafinch.syn.checker.cc.MissingBlankLineSectionChecker] is not enabled by configuration
[2021-10-23 17:14:10] [DEBUG] CHECKER_LOADER      |  + [X] Checker [com.fasoo.javafinch.syn.checker.cc.DoNotCreateInstanceInLoopChecker] is not enabled by configuration
[2021-10-23 17:14:10] [DEBUG] CHECKER_LOADER      |  + [X] Checker [com.fasoo.javafinch.syn.checker.cc.BadIndentationSourceCodeChecker] is not enabled by configuration
[2021-10-23 17:14:10] [DEBUG] CHECKER_LOADER      |  + [X] Checker [com.fasoo.javafinch.syn.checker.cc.BadWhitespaceAccessingChecker] is not enabled by configuration
[2021-10-23 17:14:10] [DEBUG] CHECKER_LOADER      |  + [X] Checker [com.fasoo.javafinch.syn.checker.cc.ConditionalOperationWithoutParenthesisChecker] is not enabled by configuration
[2021-10-23 17:14:10] [DEBUG] CHECKER_LOADER      |  + [X] Checker [com.fasoo.javafinch.syn.checker.cc.DoNotUseVolatileChecker] is not enabled by configuration
[2021-10-23 17:14:10] [DEBUG] CHECKER_LOADER      |  + [X] Checker [com.fasoo.javafinch.syn.checker.cc.BadMethodDeclarationChecker] is not enabled by configuration
[2021-10-23 17:14:10] [DEBUG] CHECKER_LOADER      |  + [X] Checker [com.fasoo.javafinch.syn.checker.cc.DeclareAtTheBeginningOfBlockChecker] is not enabled by configuration
[2021-10-23 17:14:10] [DEBUG] CHECKER_LOADER      |  + [X] Checker [com.fasoo.javafinch.syn.checker.cc.BadCommentPositionEndOfLineChecker] is not enabled by configuration
[2021-10-23 17:14:10] [INFO ] CHECKER_LOADER      |  + [O] Checker [com.fasoo.javafinch.syn.checker.cc.DoNotUseBreakWithLabelChecker] loaded successfully
[2021-10-23 17:14:10] [INFO ] CHECKER_LOADER      |  + [O] Checker [com.fasoo.javafinch.syn.checker.cc.AvoidUsingAwtSwingChecker] loaded successfully
[2021-10-23 17:14:10] [DEBUG] CHECKER_LOADER      |  + [X] Checker [com.fasoo.javafinch.syn.checker.cc.ForbiddenRaceConditionMethodChecker] is not enabled by configuration
[2021-10-23 17:14:10] [DEBUG] CHECKER_LOADER      |  + [X] Checker [com.fasoo.javafinch.syn.checker.cc.BadNameVariableChecker] is not enabled by configuration
[2021-10-23 17:14:10] [DEBUG] CHECKER_LOADER      |  + [X] Checker [com.fasoo.javafinch.syn.checker.cc.BadIndentationForStatementChecker] is not enabled by configuration
[2021-10-23 17:14:10] [DEBUG] CHECKER_LOADER      |  + [X] Checker [com.fasoo.javafinch.syn.checker.cc.DoNotUseShortChecker] is not enabled by configuration
[2021-10-23 17:14:10] [DEBUG] CHECKER_LOADER      |  + [X] Checker [com.fasoo.javafinch.syn.checker.cc.BadTypeFloatChecker] is not enabled by configuration
[2021-10-23 17:14:10] [DEBUG] CHECKER_LOADER      |  + [X] Checker [com.fasoo.javafinch.syn.checker.cc.DoNotUseSynchronizedStatementChecker] is not enabled by configuration
[2021-10-23 17:14:10] [DEBUG] CHECKER_LOADER      |  + [X] Checker [com.fasoo.javafinch.syn.checker.cc.MissingBlockInControlStatementChecker] is not enabled by configuration
[2021-10-23 17:14:10] [DEBUG] CHECKER_LOADER      |  + [X] Checker [com.fasoo.javafinch.syn.checker.cc.MissingClassInSourceFileChecker] is not enabled by configuration
[2021-10-23 17:14:10] [DEBUG] CHECKER_LOADER      |  + [X] Checker [com.fasoo.javafinch.syn.checker.cc.BadNameDoHana] is not enabled by configuration
[2021-10-23 17:14:10] [DEBUG] CHECKER_LOADER      |  + [X] Checker [com.fasoo.javafinch.syn.checker.cc.ComplyWithModifierOrderChecker] is not enabled by configuration
[2021-10-23 17:14:10] [DEBUG] CHECKER_LOADER      |  + [X] Checker [com.fasoo.javafinch.syn.checker.cc.BadNameClassOrInterfaceChecker] is not enabled by configuration
[2021-10-23 17:14:10] [DEBUG] CHECKER_LOADER      |  + [X] Checker [com.fasoo.javafinch.syn.checker.cc.BadOrganizationClassChecker] is not enabled by configuration
[2021-10-23 17:14:10] [INFO ] CHECKER_LOADER      |  + [O] Checker [com.fasoo.javafinch.syn.checker.cc.MissingBreakInCaseChecker] loaded successfully
[2021-10-23 17:14:10] [DEBUG] CHECKER_LOADER      |  + [X] Checker [com.fasoo.javafinch.syn.checker.cc.BadInitInitAfterFieldDeclarationChecker] is not enabled by configuration
[2021-10-23 17:14:10] [DEBUG] CHECKER_LOADER      |  + [X] Checker [com.fasoo.javafinch.syn.checker.cc.LoggerErrorInCatchChecker] is not enabled by configuration
[2021-10-23 17:14:10] [DEBUG] CHECKER_LOADER      |  + [X] Checker [com.fasoo.javafinch.syn.checker.cc.CombinedIncrementAndDecrementOperatorChecker] is not enabled by configuration
[2021-10-23 17:14:10] [DEBUG] CHECKER_LOADER      |  + [X] Checker [com.fasoo.javafinch.syn.checker.cc.UseBlockSynchronizedChecker] is not enabled by configuration
[2021-10-23 17:14:10] [DEBUG] CHECKER_LOADER      |  + [X] Checker [com.fasoo.javafinch.syn.checker.cc.BadIndentationIfStatementChecker] is not enabled by configuration
[2021-10-23 17:14:10] [DEBUG] CHECKER_LOADER      |  + [X] Checker [com.fasoo.javafinch.syn.checker.cc.ReturnInCatchStatementChecker] is not enabled by configuration
[2021-10-23 17:14:10] [DEBUG] CHECKER_LOADER      |  + [X] Checker [com.fasoo.javafinch.syn.checker.cc.UseOneCasePerLineChecker] is not enabled by configuration
[2021-10-23 17:14:10] [INFO ] CHECKER_LOADER      |  + [O] Checker [com.fasoo.javafinch.syn.checker.cc.AvoidUsingJavaIOChecker] loaded successfully
[2021-10-23 17:14:10] [DEBUG] CHECKER_LOADER      |  + [X] Checker [com.fasoo.javafinch.syn.checker.cc.BadIndentationImproperLengthChecker] is not enabled by configuration
[2021-10-23 17:14:10] [DEBUG] CHECKER_LOADER      |  + [X] Checker [com.fasoo.javafinch.syn.checker.cc.BadNameCoHanaChecker] is not enabled by configuration
[2021-10-23 17:14:10] [DEBUG] CHECKER_LOADER      |  + [X] Checker [com.fasoo.javafinch.syn.checker.cc.BadNameConstantChecker] is not enabled by configuration
[2021-10-23 17:14:10] [INFO ] CHECKER_LOADER      |  + [O] Checker [com.fasoo.javafinch.syn.checker.cc.BadOperatorAssignmentInCondChecker] loaded successfully
[2021-10-23 17:14:10] [DEBUG] CHECKER_LOADER      |  + [X] Checker [com.fasoo.javafinch.syn.checker.cc.BadIndentationTryStatementChecker] is not enabled by configuration
[2021-10-23 17:14:10] [DEBUG] CHECKER_LOADER      |  + [X] Checker [com.fasoo.javafinch.syn.checker.cc.BadWhitespaceSemicolonChecker] is not enabled by configuration
[2021-10-23 17:14:10] [INFO ] CHECKER_LOADER      |  + [O] Checker [com.fasoo.javafinch.syn.checker.cc.UnusedImportChecker] loaded successfully
[2021-10-23 17:14:10] [DEBUG] CHECKER_LOADER      |  + [X] Checker [com.fasoo.javafinch.syn.checker.cc.MissingBraceInIfStatementChecker] is not enabled by configuration
[2021-10-23 17:14:10] [DEBUG] CHECKER_LOADER      |  + [X] Checker [com.fasoo.javafinch.syn.checker.cc.BadLineWrappingChecker] is not enabled by configuration
[2021-10-23 17:14:10] [DEBUG] CHECKER_LOADER      |  + [X] Checker [com.fasoo.javafinch.syn.checker.cc.ForbiddenOverridingFinalizeChecker] is not enabled by configuration
[2021-10-23 17:14:10] [INFO ] CHECKER_LOADER      |  + [O] Checker [com.fasoo.javafinch.syn.checker.cc.DoNotCallSynchronizedMethodInLoopChecker] loaded successfully
[2021-10-23 17:14:10] [DEBUG] CHECKER_LOADER      |  + [X] Checker [com.fasoo.javafinch.syn.checker.cc.BadParenthesisChecker] is not enabled by configuration
[2021-10-23 17:14:10] [DEBUG] CHECKER_LOADER      |  + [X] Checker [com.fasoo.javafinch.syn.checker.cc.ForbiddenStatementExecuteQueryChecker] is not enabled by configuration
[2021-10-23 17:14:10] [DEBUG] CHECKER_LOADER      |  + [X] Checker [com.fasoo.javafinch.syn.checker.cc.ForbiddenInstanceAccessingChecker] is not enabled by configuration
[2021-10-23 17:14:10] [INFO ] CHECKER_LOADER      |  + [O] Checker [com.fasoo.javafinch.syn.checker.cc.DoNotUseShiftOnSignedValueChecker] loaded successfully
[2021-10-23 17:14:10] [DEBUG] CHECKER_LOADER      |  + [X] Checker [com.fasoo.javafinch.syn.checker.cc.DoNotUsePublicFieldChecker] is not enabled by configuration
[2021-10-23 17:14:10] [DEBUG] CHECKER_LOADER      |  + [X] Checker [com.fasoo.javafinch.syn.checker.cc.BadNameOnlineHanaChecker] is not enabled by configuration
[2021-10-23 17:14:10] [DEBUG] CHECKER_LOADER      |  + [X] Checker [com.fasoo.javafinch.syn.checker.cc.ForbiddenNullInSecurityManagerChecker] is not enabled by configuration
[2021-10-23 17:14:10] [DEBUG] CHECKER_LOADER      |  + [X] Checker [com.fasoo.javafinch.syn.checker.cc.MinimizeVariableLiveRangeChecker] is not enabled by configuration
[2021-10-23 17:14:10] [DEBUG] CHECKER_LOADER      |  + [X] Checker [com.fasoo.javafinch.syn.checker.cc.BadTypeIntegerChecker] is not enabled by configuration
[2021-10-23 17:14:10] [INFO ] CHECKER_LOADER      |  + [O] Checker [com.fasoo.javafinch.syn.checker.cc.BadCallForbiddenChecker] loaded successfully
[2021-10-23 17:14:10] [DEBUG] CHECKER_LOADER      |  + [X] Checker [com.fasoo.javafinch.syn.checker.cc.BadIfBooleanVariableConditionChecker] is not enabled by configuration
[2021-10-23 17:14:10] [DEBUG] CHECKER_LOADER      |  + [X] Checker [com.fasoo.javafinch.syn.checker.cc.BadCurlyBraceGeneralChecker] is not enabled by configuration
[2021-10-23 17:14:10] [DEBUG] CHECKER_LOADER      |  + [X] Checker [com.fasoo.javafinch.syn.checker.cc.BadIndentationMethodChecker] is not enabled by configuration
[2021-10-23 17:14:10] [DEBUG] CHECKER_LOADER      |  + [X] Checker [com.fasoo.javafinch.syn.checker.cc.UseTabBetweenTypeAndIdentifierChecker] is not enabled by configuration
[2021-10-23 17:14:10] [DEBUG] CHECKER_LOADER      |  + [X] Checker [com.fasoo.javafinch.syn.checker.cc.MissingParenthesisInExpressionChecker] is not enabled by configuration
[2021-10-23 17:14:10] [DEBUG] CHECKER_LOADER      |  + [X] Checker [com.fasoo.javafinch.syn.checker.cc.ForbiddenPropertyMethodChecker] is not enabled by configuration
[2021-10-23 17:14:10] [DEBUG] CHECKER_LOADER      |  + [X] Checker [com.fasoo.javafinch.syn.checker.cc.UseAdjacentUnaryOperatorChecker] is not enabled by configuration
[2021-10-23 17:14:10] [DEBUG] CHECKER_LOADER      |  + [X] Checker [com.fasoo.javafinch.syn.checker.cc.UseSynchronizedPublicMethod] is not enabled by configuration
[2021-10-23 17:14:10] [DEBUG] CHECKER_LOADER      |  + [X] Checker [com.fasoo.javafinch.syn.checker.cc.BadIndentationBlockChecker] is not enabled by configuration
[2021-10-23 17:14:10] [DEBUG] CHECKER_LOADER      |  + [X] Checker [com.fasoo.javafinch.syn.checker.cc.ImproperReturnStatementChecker] is not enabled by configuration
[2021-10-23 17:14:10] [DEBUG] CHECKER_LOADER      |  + [X] Checker [com.fasoo.javafinch.syn.checker.cc.BadNameParameterChecker] is not enabled by configuration
[2021-10-23 17:14:10] [DEBUG] CHECKER_LOADER      |  + [X] Checker [com.fasoo.javafinch.syn.checker.cc.BadNameClassMethodSavingBanksChecker] is not enabled by configuration
[2021-10-23 17:14:10] [DEBUG] CHECKER_LOADER      |  + [X] Checker [com.fasoo.javafinch.syn.checker.cc.BadCommentModChecker] is not enabled by configuration
[2021-10-23 17:14:10] [DEBUG] CHECKER_LOADER      |  + [X] Checker [com.fasoo.javafinch.syn.checker.cc.LoadLibraryUsingAbsolutePathChecker] is not enabled by configuration
[2021-10-23 17:14:10] [DEBUG] CHECKER_LOADER      |  + [X] Checker [com.fasoo.javafinch.syn.checker.cert.ForbiddenEqualityForBoxedPrimitives] is not enabled by configuration
[2021-10-23 17:14:10] [DEBUG] CHECKER_LOADER      |  + [X] Checker [com.fasoo.javafinch.syn.checker.cert.DoNotUseServerSocket] is not enabled by configuration
[2021-10-23 17:14:10] [DEBUG] CHECKER_LOADER      |  + [X] Checker [com.fasoo.javafinch.syn.checker.forbidden.ForbiddenCallThreadStopChecker] is not enabled by configuration
[2021-10-23 17:14:10] [DEBUG] CHECKER_LOADER      |  + [X] Checker [com.fasoo.javafinch.syn.checker.forbidden.ForbiddenCallSystemGetenvChecker] is not enabled by configuration
[2021-10-23 17:14:10] [DEBUG] CHECKER_LOADER      |  + [X] Checker [com.fasoo.javafinch.syn.checker.forbidden.ForbiddenMethodOverrideChecker] is not enabled by configuration
[2021-10-23 17:14:10] [DEBUG] CHECKER_LOADER      |  + [X] Checker [com.fasoo.javafinch.syn.checker.forbidden.ForbiddenAssignLiteralChecker] is not enabled by configuration
[2021-10-23 17:14:10] [DEBUG] CHECKER_LOADER      |  + [X] Checker [com.fasoo.javafinch.syn.checker.forbidden.ForbiddenCallDeprecatedChecker] is not enabled by configuration
[2021-10-23 17:14:10] [DEBUG] CHECKER_LOADER      |  + [X] Checker [com.fasoo.javafinch.syn.checker.jdbc.ORDERING_TO_CATCH_SQLEXCEPTION_Checker] is not enabled by configuration
[2021-10-23 17:14:10] [INFO ] CHECKER_LOADER      |  + [O] Checker [com.fasoo.javafinch.syn.checker.j2ee.DirectUseOfThreadsChecker] loaded successfully
[2021-10-23 17:14:10] [INFO ] CHECKER_LOADER      |  + [O] Checker [com.fasoo.javafinch.syn.checker.j2ee.DirectManagementOfConnectionsChecker] loaded successfully
[2021-10-23 17:14:10] [INFO ] CHECKER_LOADER      |  + [O] Checker [com.fasoo.javafinch.syn.checker.j2ee.RaceConditionStaticDatabaseConnectionChecker] loaded successfully
[2021-10-23 17:14:10] [INFO ] CHECKER_LOADER      |  + [O] Checker [com.fasoo.javafinch.syn.checker.j2ee.DirectUseOfSocketsChecker] loaded successfully
[2021-10-23 17:14:10] [INFO ] CHECKER_LOADER      |  + [O] Checker [com.fasoo.javafinch.syn.checker.j2ee.UsingSystemExitChecker] loaded successfully
[2021-10-23 17:14:10] [DEBUG] CHECKER_LOADER      |  + [X] Checker [com.fasoo.javafinch.syn.checker.security.UntrustedDataInPrivilegedBlockChecker] is not enabled by configuration
[2021-10-23 17:14:10] [DEBUG] CHECKER_LOADER      |  + [X] Checker [com.fasoo.javafinch.syn.checker.security.SsiInjectionChecker] is not enabled by configuration
[2021-10-23 17:14:10] [DEBUG] CHECKER_LOADER      |  + [X] Checker [com.fasoo.javafinch.syn.checker.security.ExposureOfSystemDataChecker] is not enabled by configuration
[2021-10-23 17:14:10] [DEBUG] CHECKER_LOADER      |  + [X] Checker [com.fasoo.javafinch.syn.checker.security.XssChecker] is not enabled by configuration
[2021-10-23 17:14:10] [DEBUG] CHECKER_LOADER      |  + [X] Checker [com.fasoo.javafinch.syn.checker.security.CsrfChecker] is not enabled by configuration
[2021-10-23 17:14:10] [DEBUG] CHECKER_LOADER      |  + [X] Checker [com.fasoo.javafinch.syn.checker.security.MissingPasswordRecoveryControlChecker] is not enabled by configuration
[2021-10-23 17:14:10] [INFO ] CHECKER_LOADER      |  + [O] Checker [com.fasoo.javafinch.syn.checker.security.android.AndroidGrantUriPermissionsChecker] loaded successfully
[2021-10-23 17:14:10] [DEBUG] CHECKER_LOADER      |  + [X] Checker [com.fasoo.javafinch.syn.checker.security.android.AndroidPermissionCheckBypassChecker] is not enabled by configuration
[2021-10-23 17:14:10] [DEBUG] CHECKER_LOADER      |  + [X] Checker [com.fasoo.javafinch.syn.checker.security.android.AndroidAddJavascriptInterfaceChecker] is not enabled by configuration
[2021-10-23 17:14:10] [DEBUG] CHECKER_LOADER      |  + [X] Checker [com.fasoo.javafinch.syn.checker.security.android.AndroidWebSettingJavaScriptChecker] is not enabled by configuration
[2021-10-23 17:14:10] [DEBUG] CHECKER_LOADER      |  + [X] Checker [com.fasoo.javafinch.syn.checker.security.android.AndroidContextSendBroadcastChecker] is not enabled by configuration
[2021-10-23 17:14:10] [DEBUG] CHECKER_LOADER      |  + [X] Checker [com.fasoo.javafinch.syn.checker.security.XssWarningChecker] is not enabled by configuration
[2021-10-23 17:14:10] [DEBUG] CHECKER_LOADER      |  + [X] Checker [com.fasoo.javafinch.syn.checker.security.ForbiddenReplacingEmailAddressChecker] is not enabled by configuration
[2021-10-23 17:14:10] [DEBUG] CHECKER_LOADER      |  + [X] Checker [com.fasoo.javafinch.syn.checker.security.SecurityFileGlobalAccessChecker] is not enabled by configuration
[2021-10-23 17:14:10] [DEBUG] CHECKER_LOADER      |  + [X] Checker [com.fasoo.javafinch.syn.checker.security.INSUFFICIENT_SESSION_EXPIRATION_Checker] is not enabled by configuration
[2021-10-23 17:14:10] [DEBUG] CHECKER_LOADER      |  + [X] Checker [com.fasoo.javafinch.syn.checker.security.MissingCheckOfInputChecker] is not enabled by configuration
[2021-10-23 17:14:10] [DEBUG] CHECKER_LOADER      |  + [X] Checker [com.fasoo.javafinch.syn.checker.security.RELIANCE_ON_UNTRUSTED_INPUTS_IN_A_SECURITY_DECISION_Checker] is not enabled by configuration
[2021-10-23 17:14:10] [DEBUG] CHECKER_LOADER      |  + [X] Checker [com.fasoo.javafinch.syn.checker.security.AutocompletePasswordChecker] is not enabled by configuration
[2021-10-23 17:14:10] [DEBUG] CHECKER_LOADER      |  + [X] Checker [com.fasoo.javafinch.syn.checker.security.ExposureOfAdministrationPageChecker] is not enabled by configuration
[2021-10-23 17:14:10] [DEBUG] CHECKER_LOADER      |  + [X] Checker [com.fasoo.javafinch.syn.checker.security.MissingLoginControlChecker] is not enabled by configuration
[2021-10-23 17:14:10] [DEBUG] CHECKER_LOADER      |  + [X] Checker [com.fasoo.javafinch.syn.checker.security.cert.msc.SecurityInfiniteLoopChecker] is not enabled by configuration
[2021-10-23 17:14:10] [DEBUG] CHECKER_LOADER      |  + [X] Checker [com.fasoo.javafinch.syn.checker.security.EvalInjectionChecker] is not enabled by configuration
[2021-10-23 17:14:10] [DEBUG] CHECKER_LOADER      |  + [X] Checker [com.fasoo.javafinch.syn.checker.security.ProcessControlChecker] is not enabled by configuration
[2021-10-23 17:14:10] [DEBUG] CHECKER_LOADER      |  + [X] Checker [com.fasoo.javafinch.syn.checker.security.DirectUseOfUnsafeJNIChecker] is not enabled by configuration
[2021-10-23 17:14:10] [DEBUG] CHECKER_LOADER      |  + [X] Checker [com.fasoo.javafinch.syn.checker.security.FinalizeMethodDeclaredPublicChecker] is not enabled by configuration
[2021-10-23 17:14:10] [DEBUG] CHECKER_LOADER      |  + [X] Checker [com.fasoo.javafinch.syn.checker.security.SessionForCheckingShouldBeFalse] is not enabled by configuration
[2021-10-23 17:14:10] [DEBUG] CHECKER_LOADER      |  + [X] Checker [com.fasoo.javafinch.syn.checker.security.MISSING_AUTHENTICATION_FOR_CRITICAL_FUNCTION_Checker] is not enabled by configuration
[2021-10-23 17:14:10] [DEBUG] CHECKER_LOADER      |  + [X] Checker [com.fasoo.javafinch.syn.checker.security.ExposureOfDangerousMethodChecker] is not enabled by configuration
[2021-10-23 17:14:10] [DEBUG] CHECKER_LOADER      |  + [X] Checker [com.fasoo.javafinch.syn.checker.security.UsingWeakCryptographicAlgorithmChecker] is not enabled by configuration
[2021-10-23 17:14:10] [DEBUG] CHECKER_LOADER      |  + [X] Checker [com.fasoo.javafinch.syn.checker.security.MissingAuthenticationControlChecker] is not enabled by configuration
[2021-10-23 17:14:10] [DEBUG] CHECKER_LOADER      |  + [X] Checker [com.fasoo.javafinch.syn.checker.security.UsingDynamicClassLoadingChecker] is not enabled by configuration
[2021-10-23 17:14:10] [DEBUG] CHECKER_LOADER      |  + [X] Checker [com.fasoo.javafinch.syn.checker.security.HARD_CODED_USER_NAME_AND_PASSWORD_Checker] is not enabled by configuration
[2021-10-23 17:14:10] [DEBUG] CHECKER_LOADER      |  + [X] Checker [com.fasoo.javafinch.syn.checker.security.XssDomChecker] is not enabled by configuration
[2021-10-23 17:14:10] [DEBUG] CHECKER_LOADER      |  + [X] Checker [com.fasoo.javafinch.syn.checker.security.LeakInformationPrivilegedBlockChecker] is not enabled by configuration
[2021-10-23 17:14:10] [DEBUG] CHECKER_LOADER      |  + [X] Checker [com.fasoo.javafinch.syn.checker.misuse.InfiniteRecursiveCallChecker] is not enabled by configuration
[2021-10-23 17:14:10] [INFO ] CHECKER_LOADER      |  + Total 45 checker(s) has(have) been enabled
[2021-10-23 17:14:10] [INFO ] CHECKER_LOADER      |  |  + JAVA: 14
[2021-10-23 17:14:10] [INFO ] CHECKER_LOADER      |  |  + JAVA_AND_SCRIPTLET: 31
[2021-10-23 17:14:10] [INFO ] CHECKER_LOADER      + [C] <<<=== End of checker initialization
[2021-10-23 17:14:10] [INFO ]  
[2021-10-23 17:14:10] [DEBUG] CH_HANDLER          + Project [kokofarm6_java_server_3300] class hierarchy update added. D:\fasoo\sparrow_server_4.6_r610_windows\data\temp\etc\379\796\source_files
[2021-10-23 17:14:10] [INFO ] CLASS_HIERARCHY     + [H] Class hierarchy process started ===>>>
[2021-10-23 17:14:10] [INFO ] CLASS_HIERARCHY     |  + Class hierarchy target: 
[2021-10-23 17:14:10] [INFO ] CLASS_HIERARCHY     |  |  + Directory: D:\fasoo\sparrow_server_4.6_r610_windows\data\temp\etc\379\796\source_files
[2021-10-23 17:14:10] [INFO ] CLASS_HIERARCHY     |  + Gather class information from 29 files ===>>>
[2021-10-23 17:14:11] [INFO ] AST_LOADER          |  |  + Parsing [ D:\fasoo\sparrow_server_4.6_r610_windows\data\temp\etc\379\796\source_files\KKF_NEW_P3300\FileUtil.java ] failed:
[2021-10-23 17:14:11] [INFO ] AST_LOADER          |  |  + Encountered " "->" "-> "" at line 165, column 43.
[2021-10-23 17:14:11] [INFO ] AST_LOADER          |  |  + Was expecting one of:
[2021-10-23 17:14:11] [INFO ] AST_LOADER          |  |  +     "instanceof" ...
[2021-10-23 17:14:11] [INFO ] AST_LOADER          |  |  +     ")" ...
[2021-10-23 17:14:11] [INFO ] AST_LOADER          |  |  +     "," ...
[2021-10-23 17:14:11] [INFO ] AST_LOADER          |  |  +     "=" ...
[2021-10-23 17:14:11] [INFO ] AST_LOADER          |  |  +     "<" ...
[2021-10-23 17:14:11] [INFO ] AST_LOADER          |  |  +     "?" ...
[2021-10-23 17:14:11] [INFO ] AST_LOADER          |  |  +     "==" ...
[2021-10-23 17:14:11] [INFO ] AST_LOADER          |  |  +     "<=" ...
[2021-10-23 17:14:11] [INFO ] AST_LOADER          |  |  +     ">=" ...
[2021-10-23 17:14:11] [INFO ] AST_LOADER          |  |  +     "!=" ...
[2021-10-23 17:14:11] [INFO ] AST_LOADER          |  |  +     "||" ...
[2021-10-23 17:14:11] [INFO ] AST_LOADER          |  |  +     "&&" ...
[2021-10-23 17:14:11] [INFO ] AST_LOADER          |  |  +     "++" ...
[2021-10-23 17:14:11] [INFO ] AST_LOADER          |  |  +     "--" ...
[2021-10-23 17:14:11] [INFO ] AST_LOADER          |  |  +     "+" ...
[2021-10-23 17:14:11] [INFO ] AST_LOADER          |  |  +     "-" ...
[2021-10-23 17:14:11] [INFO ] AST_LOADER          |  |  +     "*" ...
[2021-10-23 17:14:11] [INFO ] AST_LOADER          |  |  +     "/" ...
[2021-10-23 17:14:11] [INFO ] AST_LOADER          |  |  +     "&" ...
[2021-10-23 17:14:11] [INFO ] AST_LOADER          |  |  +     "|" ...
[2021-10-23 17:14:11] [INFO ] AST_LOADER          |  |  +     "^" ...
[2021-10-23 17:14:11] [INFO ] AST_LOADER          |  |  +     "%" ...
[2021-10-23 17:14:11] [INFO ] AST_LOADER          |  |  +     "+=" ...
[2021-10-23 17:14:11] [INFO ] AST_LOADER          |  |  +     "-=" ...
[2021-10-23 17:14:11] [INFO ] AST_LOADER          |  |  +     "*=" ...
[2021-10-23 17:14:11] [INFO ] AST_LOADER          |  |  +     "/=" ...
[2021-10-23 17:14:11] [INFO ] AST_LOADER          |  |  +     "&=" ...
[2021-10-23 17:14:11] [INFO ] AST_LOADER          |  |  +     "|=" ...
[2021-10-23 17:14:11] [INFO ] AST_LOADER          |  |  +     "^=" ...
[2021-10-23 17:14:11] [INFO ] AST_LOADER          |  |  +     "%=" ...
[2021-10-23 17:14:11] [INFO ] AST_LOADER          |  |  +     "<<=" ...
[2021-10-23 17:14:11] [INFO ] AST_LOADER          |  |  +     ">>=" ...
[2021-10-23 17:14:11] [INFO ] AST_LOADER          |  |  +     ">>>=" ...
[2021-10-23 17:14:11] [INFO ] AST_LOADER          |  |  +     ">" ...
[2021-10-23 17:14:11] [INFO ] AST_LOADER          |  |  +     "::" ...
[2021-10-23 17:14:11] [INFO ] AST_LOADER          |  |  +     "<" ...
[2021-10-23 17:14:11] [INFO ] AST_LOADER          |  |  +     "::" ...
[2021-10-23 17:14:11] [INFO ] AST_LOADER          |  |  +     "++" ...
[2021-10-23 17:14:11] [INFO ] AST_LOADER          |  |  +     "--" ...
[2021-10-23 17:14:11] [INFO ] AST_LOADER          |  |  +     "*" ...
[2021-10-23 17:14:11] [INFO ] AST_LOADER          |  |  +     "/" ...
[2021-10-23 17:14:11] [INFO ] AST_LOADER          |  |  +     "%" ...
[2021-10-23 17:14:11] [INFO ] AST_LOADER          |  |  +     "+" ...
[2021-10-23 17:14:11] [INFO ] AST_LOADER          |  |  +     "-" ...
[2021-10-23 17:14:11] [INFO ] AST_LOADER          |  |  +     "<" ...
[2021-10-23 17:14:11] [INFO ] AST_LOADER          |  |  +     ">" ...
[2021-10-23 17:14:11] [INFO ] AST_LOADER          |  |  +     "<=" ...
[2021-10-23 17:14:11] [INFO ] AST_LOADER          |  |  +     ">=" ...
[2021-10-23 17:14:11] [INFO ] AST_LOADER          |  |  +     "instanceof" ...
[2021-10-23 17:14:11] [INFO ] AST_LOADER          |  |  +     "==" ...
[2021-10-23 17:14:11] [INFO ] AST_LOADER          |  |  +     "!=" ...
[2021-10-23 17:14:11] [INFO ] AST_LOADER          |  |  +     "&" ...
[2021-10-23 17:14:11] [INFO ] AST_LOADER          |  |  +     "^" ...
[2021-10-23 17:14:11] [INFO ] AST_LOADER          |  |  +     "|" ...
[2021-10-23 17:14:11] [INFO ] AST_LOADER          |  |  +     "&&" ...
[2021-10-23 17:14:11] [INFO ] AST_LOADER          |  |  +     "||" ...
[2021-10-23 17:14:11] [INFO ] AST_LOADER          |  |  +     "?" ...
[2021-10-23 17:14:11] [INFO ] AST_LOADER          |  |  +     "=" ...
[2021-10-23 17:14:11] [INFO ] AST_LOADER          |  |  +     "*=" ...
[2021-10-23 17:14:11] [INFO ] AST_LOADER          |  |  +     "/=" ...
[2021-10-23 17:14:11] [INFO ] AST_LOADER          |  |  +     "%=" ...
[2021-10-23 17:14:11] [INFO ] AST_LOADER          |  |  +     "+=" ...
[2021-10-23 17:14:11] [INFO ] AST_LOADER          |  |  +     "-=" ...
[2021-10-23 17:14:11] [INFO ] AST_LOADER          |  |  +     "<<=" ...
[2021-10-23 17:14:11] [INFO ] AST_LOADER          |  |  +     ">>=" ...
[2021-10-23 17:14:11] [INFO ] AST_LOADER          |  |  +     ">>>=" ...
[2021-10-23 17:14:11] [INFO ] AST_LOADER          |  |  +     "&=" ...
[2021-10-23 17:14:11] [INFO ] AST_LOADER          |  |  +     "^=" ...
[2021-10-23 17:14:11] [INFO ] AST_LOADER          |  |  +     "|=" ...
[2021-10-23 17:14:11] [INFO ] AST_LOADER          |  |  +     "<" ...
[2021-10-23 17:14:11] [INFO ] AST_LOADER          |  |  +     "<" ...
[2021-10-23 17:14:11] [INFO ] AST_LOADER          |  |  +     "::" ...
[2021-10-23 17:14:11] [INFO ] AST_LOADER          |  |  +     "++" ...
[2021-10-23 17:14:11] [INFO ] AST_LOADER          |  |  +     "--" ...
[2021-10-23 17:14:11] [INFO ] AST_LOADER          |  |  +     "*" ...
[2021-10-23 17:14:11] [INFO ] AST_LOADER          |  |  +     "/" ...
[2021-10-23 17:14:11] [INFO ] AST_LOADER          |  |  +     "%" ...
[2021-10-23 17:14:11] [INFO ] AST_LOADER          |  |  +     "+" ...
[2021-10-23 17:14:11] [INFO ] AST_LOADER          |  |  +     "-" ...
[2021-10-23 17:14:11] [INFO ] AST_LOADER          |  |  +     "<" ...
[2021-10-23 17:14:11] [INFO ] AST_LOADER          |  |  +     ">" ...
[2021-10-23 17:14:11] [INFO ] AST_LOADER          |  |  +     "<=" ...
[2021-10-23 17:14:11] [INFO ] AST_LOADER          |  |  +     ">=" ...
[2021-10-23 17:14:11] [INFO ] AST_LOADER          |  |  +     "instanceof" ...
[2021-10-23 17:14:11] [INFO ] AST_LOADER          |  |  +     "==" ...
[2021-10-23 17:14:11] [INFO ] AST_LOADER          |  |  +     "!=" ...
[2021-10-23 17:14:11] [INFO ] AST_LOADER          |  |  +     "&" ...
[2021-10-23 17:14:11] [INFO ] AST_LOADER          |  |  +     "^" ...
[2021-10-23 17:14:11] [INFO ] AST_LOADER          |  |  +     "|" ...
[2021-10-23 17:14:11] [INFO ] AST_LOADER          |  |  +     "&&" ...
[2021-10-23 17:14:11] [INFO ] AST_LOADER          |  |  +     "||" ...
[2021-10-23 17:14:11] [INFO ] AST_LOADER          |  |  +     "?" ...
[2021-10-23 17:14:11] [INFO ] AST_LOADER          |  |  +     "=" ...
[2021-10-23 17:14:11] [INFO ] AST_LOADER          |  |  +     "*=" ...
[2021-10-23 17:14:11] [INFO ] AST_LOADER          |  |  +     "/=" ...
[2021-10-23 17:14:11] [INFO ] AST_LOADER          |  |  +     "%=" ...
[2021-10-23 17:14:11] [INFO ] AST_LOADER          |  |  +     "+=" ...
[2021-10-23 17:14:11] [INFO ] AST_LOADER          |  |  +     "-=" ...
[2021-10-23 17:14:11] [INFO ] AST_LOADER          |  |  +     "<<=" ...
[2021-10-23 17:14:11] [INFO ] AST_LOADER          |  |  +     ">>=" ...
[2021-10-23 17:14:11] [INFO ] AST_LOADER          |  |  +     ">>>=" ...
[2021-10-23 17:14:11] [INFO ] AST_LOADER          |  |  +     "&=" ...
[2021-10-23 17:14:11] [INFO ] AST_LOADER          |  |  +     "^=" ...
[2021-10-23 17:14:11] [INFO ] AST_LOADER          |  |  +     "|=" ...
[2021-10-23 17:14:11] [INFO ] AST_LOADER          |  |  +     "," ...
[2021-10-23 17:14:11] [INFO ] AST_LOADER          |  |  +     ")" ...
[2021-10-23 17:14:11] [INFO ] AST_LOADER          |  |  +     
[2021-10-23 17:14:11] [DEBUG] AUTO_ENCODING       |  |  + Use default encoding: utf-8 (detected ISO-8859-1 with low confidence 42) for D:\fasoo\sparrow_server_4.6_r610_windows\data\temp\etc\379\796\source_files\KKF_NEW_P3300\kokofarm\Device.java
[2021-10-23 17:14:11] [DEBUG] AUTO_ENCODING       |  |  + Use default encoding: utf-8 (detected ISO-8859-1 with low confidence 40) for D:\fasoo\sparrow_server_4.6_r610_windows\data\temp\etc\379\796\source_files\KKF_NEW_P3300\kokofarm\LightSensor.java
[2021-10-23 17:14:11] [DEBUG] AUTO_ENCODING       |  |  + Use default encoding: utf-8 (detected ISO-8859-1 with low confidence 27) for D:\fasoo\sparrow_server_4.6_r610_windows\data\temp\etc\379\796\source_files\KKF_NEW_P3300\p3300\P3300Listner.java
[2021-10-23 17:14:11] [DEBUG] AUTO_ENCODING       |  |  + Use default encoding: utf-8 (detected ISO-8859-1 with low confidence 48) for D:\fasoo\sparrow_server_4.6_r610_windows\data\temp\etc\379\796\source_files\KKF_NEW_P3300\run_object\RunCamera.java
[2021-10-23 17:14:11] [DEBUG] AUTO_ENCODING       |  |  + Use default encoding: utf-8 (detected ISO-8859-1 with low confidence 33) for D:\fasoo\sparrow_server_4.6_r610_windows\data\temp\etc\379\796\source_files\KKF_NEW_P3300\util\HashBuffer.java
[2021-10-23 17:14:11] [DEBUG] AUTO_ENCODING       |  |  + Use default encoding: utf-8 (detected ISO-8859-1 with low confidence 27) for D:\fasoo\sparrow_server_4.6_r610_windows\data\temp\etc\379\796\source_files\KKF_NEW_P3300\util\SimpleTimer.java
[2021-10-23 17:14:11] [INFO ] CLASS_HIERARCHY     |  + <<<=== total 28/29 file(s) was(were) processed (1 file(s) failed)
[2021-10-23 17:14:11] [INFO ] CLASS_HIERARCHY     |  + Class hierarchy process started with 29 files ===>>>
[2021-10-23 17:14:12] [DEBUG]                     |  + Fail to gather any class or interface item from this source file: D:\fasoo\sparrow_server_4.6_r610_windows\data\temp\etc\379\796\source_files\KKF_NEW_P3300\FileUtil.java
[2021-10-23 17:14:15] [INFO ] CLASS_HIERARCHY     |  + <<<=== total 29 files were processed, 28 results are stored
[2021-10-23 17:14:15] [INFO ] CLASS_HIERARCHY     + [H] <<<=== End of class hierarchy process
[2021-10-23 17:14:15] [INFO ]  
[2021-10-23 17:14:15] [DEBUG] JAVA_FINCH          + JavaFinch Analyzing..
[2021-10-23 17:14:15] [INFO ] ANALYZER            + [A] Analyze the project [kokofarm6_java_server_3300] with 29 target(s) ===>>>
[2021-10-23 17:14:15] [INFO ] ANALYZER            |  + [     1/    29] Analyze D:\fasoo\sparrow_server_4.6_r610_windows\data\temp\etc\379\796\source_files\KKF_NEW_P3300\run_object\RunCamera.java
[2021-10-23 17:14:15] [INFO ] ANALYZER            |  |  + 0 alarm(s) generated
[2021-10-23 17:14:15] [INFO ] ANALYZER            |  |  + Elapsed time: 0.04 s (36 ms)
[2021-10-23 17:14:15] [INFO ] ANALYZER            |  + [     2/    29] Analyze D:\fasoo\sparrow_server_4.6_r610_windows\data\temp\etc\379\796\source_files\KKF_NEW_P3300\util\MysqlConn.java
[2021-10-23 17:14:15] [INFO ] ANALYZER            |  |  + 0 alarm(s) generated
[2021-10-23 17:14:15] [INFO ] ANALYZER            |  |  + Elapsed time: 0.48 s (479 ms)
[2021-10-23 17:14:15] [INFO ] ANALYZER            |  + [     3/    29] Analyze D:\fasoo\sparrow_server_4.6_r610_windows\data\temp\etc\379\796\source_files\KKF_NEW_P3300\module\RecalcAvg.java
[2021-10-23 17:14:16] [INFO ] ANALYZER            |  |  + 3 alarm(s) generated
[2021-10-23 17:14:16] [INFO ] ANALYZER            |  |  + Elapsed time: 0.64 s (635 ms)
[2021-10-23 17:14:16] [INFO ] ANALYZER            |  + [     4/    29] Analyze D:\fasoo\sparrow_server_4.6_r610_windows\data\temp\etc\379\796\source_files\KKF_NEW_P3300\module\AvgCalcBridge.java
[2021-10-23 17:14:17] [INFO ] ANALYZER            |  |  + 5 alarm(s) generated
[2021-10-23 17:14:17] [INFO ] ANALYZER            |  |  + Elapsed time: 0.21 s (212 ms)
[2021-10-23 17:14:17] [INFO ] ANALYZER            |  + [     5/    29] Analyze D:\fasoo\sparrow_server_4.6_r610_windows\data\temp\etc\379\796\source_files\KKF_NEW_P3300\util\DateUtil.java
[2021-10-23 17:14:17] [INFO ] ANALYZER            |  |  + 3 alarm(s) generated
[2021-10-23 17:14:17] [INFO ] ANALYZER            |  |  + Elapsed time: 0.13 s (131 ms)
[2021-10-23 17:14:17] [INFO ] ANALYZER            |  + [     6/    29] Analyze D:\fasoo\sparrow_server_4.6_r610_windows\data\temp\etc\379\796\source_files\KKF_NEW_P3300\module\CheckComein.java
[2021-10-23 17:14:17] [INFO ] ANALYZER            |  |  + 3 alarm(s) generated
[2021-10-23 17:14:17] [INFO ] ANALYZER            |  |  + Elapsed time: 0.24 s (235 ms)
[2021-10-23 17:14:17] [INFO ] ANALYZER            |  + [     7/    29] Analyze D:\fasoo\sparrow_server_4.6_r610_windows\data\temp\etc\379\796\source_files\KKF_NEW_P3300\util\SimpleTimer.java
[2021-10-23 17:14:17] [INFO ] ANALYZER            |  |  + 0 alarm(s) generated
[2021-10-23 17:14:17] [INFO ] ANALYZER            |  |  + Elapsed time: 0.02 s (15 ms)
[2021-10-23 17:14:17] [INFO ] ANALYZER            |  + [     8/    29] Analyze D:\fasoo\sparrow_server_4.6_r610_windows\data\temp\etc\379\796\source_files\KKF_NEW_P3300\kokofarm\ExternSensor.java
[2021-10-23 17:14:17] [DEBUG]  
[2021-10-23 17:14:17] [DEBUG] CLASSHIERARCHY      + Read another storage: kokofarm.Device
[2021-10-23 17:14:17] [DEBUG] CLASSHIERARCHY      + Refinement start ===>>>
[2021-10-23 17:14:17] [DEBUG] CLASSHIERARCHY      + <<<=== end of refinement
[2021-10-23 17:14:18] [INFO ] ANALYZER            |  |  + 1 alarm(s) generated
[2021-10-23 17:14:18] [INFO ] ANALYZER            |  |  + Elapsed time: 0.32 s (323 ms)
[2021-10-23 17:14:18] [INFO ] ANALYZER            |  + [     9/    29] Analyze D:\fasoo\sparrow_server_4.6_r610_windows\data\temp\etc\379\796\source_files\KKF_NEW_P3300\module\BufferMerger.java
[2021-10-23 17:14:18] [INFO ] ANALYZER            |  |  + 1 alarm(s) generated
[2021-10-23 17:14:18] [INFO ] ANALYZER            |  |  + Elapsed time: 0.08 s (78 ms)
[2021-10-23 17:14:18] [INFO ] ANALYZER            |  + [    10/    29] Analyze D:\fasoo\sparrow_server_4.6_r610_windows\data\temp\etc\379\796\source_files\KKF_NEW_P3300\kokofarm\LightSensor.java
[2021-10-23 17:14:18] [DEBUG]  
[2021-10-23 17:14:18] [DEBUG] CLASSHIERARCHY      + Read another storage: kokofarm.Device
[2021-10-23 17:14:18] [DEBUG] CLASSHIERARCHY      + Refinement start ===>>>
[2021-10-23 17:14:18] [DEBUG] CLASSHIERARCHY      + <<<=== end of refinement
[2021-10-23 17:14:18] [INFO ] ANALYZER            |  |  + 1 alarm(s) generated
[2021-10-23 17:14:18] [INFO ] ANALYZER            |  |  + Elapsed time: 0.07 s (74 ms)
[2021-10-23 17:14:18] [INFO ] ANALYZER            |  + [    11/    29] Analyze D:\fasoo\sparrow_server_4.6_r610_windows\data\temp\etc\379\796\source_files\KKF_NEW_P3300\module\RequestWorker.java
[2021-10-23 17:14:18] [INFO ] ANALYZER            |  |  + 5 alarm(s) generated
[2021-10-23 17:14:18] [INFO ] ANALYZER            |  |  + Elapsed time: 0.25 s (247 ms)
[2021-10-23 17:14:18] [INFO ] ANALYZER            |  + [    12/    29] Analyze D:\fasoo\sparrow_server_4.6_r610_windows\data\temp\etc\379\796\source_files\KKF_NEW_P3300\kokofarm\SensorUnit.java
[2021-10-23 17:14:18] [DEBUG]  
[2021-10-23 17:14:18] [DEBUG] CLASSHIERARCHY      + Read another storage: kokofarm.Device
[2021-10-23 17:14:18] [DEBUG] CLASSHIERARCHY      + Refinement start ===>>>
[2021-10-23 17:14:18] [DEBUG] CLASSHIERARCHY      + <<<=== end of refinement
[2021-10-23 17:14:18] [INFO ] ANALYZER            |  |  + 0 alarm(s) generated
[2021-10-23 17:14:18] [INFO ] ANALYZER            |  |  + Elapsed time: 0.07 s (71 ms)
[2021-10-23 17:14:18] [INFO ] ANALYZER            |  + [    13/    29] Analyze D:\fasoo\sparrow_server_4.6_r610_windows\data\temp\etc\379\796\source_files\KKF_NEW_P3300\module\CheckComeout.java
[2021-10-23 17:14:18] [INFO ] ANALYZER            |  |  + 2 alarm(s) generated
[2021-10-23 17:14:18] [INFO ] ANALYZER            |  |  + Elapsed time: 0.16 s (162 ms)
[2021-10-23 17:14:18] [INFO ] ANALYZER            |  + [    14/    29] Analyze D:\fasoo\sparrow_server_4.6_r610_windows\data\temp\etc\379\796\source_files\KKF_NEW_P3300\util\HashBuffer.java
[2021-10-23 17:14:19] [INFO ] ANALYZER            |  |  + 0 alarm(s) generated
[2021-10-23 17:14:19] [INFO ] ANALYZER            |  |  + Elapsed time: 0.10 s (96 ms)
[2021-10-23 17:14:19] [INFO ] ANALYZER            |  + [    15/    29] Analyze D:\fasoo\sparrow_server_4.6_r610_windows\data\temp\etc\379\796\source_files\KKF_NEW_P3300\util\FloatCompute.java
[2021-10-23 17:14:19] [INFO ] ANALYZER            |  |  + 0 alarm(s) generated
[2021-10-23 17:14:19] [INFO ] ANALYZER            |  |  + Elapsed time: 0.06 s (55 ms)
[2021-10-23 17:14:19] [INFO ] ANALYZER            |  + [    16/    29] Analyze D:\fasoo\sparrow_server_4.6_r610_windows\data\temp\etc\379\796\source_files\KKF_NEW_P3300\module\BufferUpdate.java
[2021-10-23 17:14:19] [INFO ] ANALYZER            |  |  + 1 alarm(s) generated
[2021-10-23 17:14:19] [INFO ] ANALYZER            |  |  + Elapsed time: 0.07 s (73 ms)
[2021-10-23 17:14:19] [INFO ] ANALYZER            |  + [    17/    29] Analyze D:\fasoo\sparrow_server_4.6_r610_windows\data\temp\etc\379\796\source_files\KKF_NEW_P3300\p3300\P3300Listner.java
[2021-10-23 17:14:19] [DEBUG]  
[2021-10-23 17:14:19] [DEBUG] CLASSHIERARCHY      + Read another storage: server.ServerListner
[2021-10-23 17:14:19] [DEBUG] CLASSHIERARCHY      + Refinement start ===>>>
[2021-10-23 17:14:19] [DEBUG] CLASSHIERARCHY      + <<<=== end of refinement
[2021-10-23 17:14:19] [INFO ] ANALYZER            |  |  + 0 alarm(s) generated
[2021-10-23 17:14:19] [INFO ] ANALYZER            |  |  + Elapsed time: 0.03 s (32 ms)
[2021-10-23 17:14:19] [INFO ] ANALYZER            |  + [    18/    29] Analyze D:\fasoo\sparrow_server_4.6_r610_windows\data\temp\etc\379\796\source_files\KKF_NEW_P3300\FileUtil.java
[2021-10-23 17:14:19] [WARN ] ANALYZER            |  |  + Cannot read the class hierarchy storage: skip this
[2021-10-23 17:14:19] [INFO ] ANALYZER            |  + [    19/    29] Analyze D:\fasoo\sparrow_server_4.6_r610_windows\data\temp\etc\379\796\source_files\KKF_NEW_P3300\module\CheckRecalc.java
[2021-10-23 17:14:19] [INFO ] ANALYZER            |  |  + 0 alarm(s) generated
[2021-10-23 17:14:19] [INFO ] ANALYZER            |  |  + Elapsed time: 0.02 s (18 ms)
[2021-10-23 17:14:19] [INFO ] ANALYZER            |  + [    20/    29] Analyze D:\fasoo\sparrow_server_4.6_r610_windows\data\temp\etc\379\796\source_files\KKF_NEW_P3300\run_object\RunSql.java
[2021-10-23 17:14:19] [INFO ] ANALYZER            |  |  + 1 alarm(s) generated
[2021-10-23 17:14:19] [INFO ] ANALYZER            |  |  + Elapsed time: 0.03 s (31 ms)
[2021-10-23 17:14:19] [INFO ] ANALYZER            |  + [    21/    29] Analyze D:\fasoo\sparrow_server_4.6_r610_windows\data\temp\etc\379\796\source_files\KKF_NEW_P3300\kokofarm\FarmInfo.java
[2021-10-23 17:14:19] [INFO ] ANALYZER            |  |  + 2 alarm(s) generated
[2021-10-23 17:14:19] [INFO ] ANALYZER            |  |  + Elapsed time: 0.23 s (225 ms)
[2021-10-23 17:14:19] [INFO ] ANALYZER            |  + [    22/    29] Analyze D:\fasoo\sparrow_server_4.6_r610_windows\data\temp\etc\379\796\source_files\KKF_NEW_P3300\p3300\P3300Worker.java
[2021-10-23 17:14:19] [DEBUG]  
[2021-10-23 17:14:19] [DEBUG] CLASSHIERARCHY      + Read another storage: server.ServerWorker
[2021-10-23 17:14:19] [DEBUG] CLASSHIERARCHY      + Refinement start ===>>>
[2021-10-23 17:14:19] [DEBUG] CLASSHIERARCHY      + <<<=== end of refinement
[2021-10-23 17:14:20] [INFO ] ANALYZER            |  |  + 10 alarm(s) generated
[2021-10-23 17:14:20] [INFO ] ANALYZER            |  |  + Elapsed time: 0.93 s (930 ms)
[2021-10-23 17:14:20] [INFO ] ANALYZER            |  + [    23/    29] Analyze D:\fasoo\sparrow_server_4.6_r610_windows\data\temp\etc\379\796\source_files\KKF_NEW_P3300\module\CallAvgWeight.java
[2021-10-23 17:14:20] [DEBUG]  
[2021-10-23 17:14:20] [DEBUG] CLASSHIERARCHY      + Read another storage: module.AvgCalcBridge
[2021-10-23 17:14:20] [DEBUG] CLASSHIERARCHY      + Refinement start ===>>>
[2021-10-23 17:14:20] [DEBUG] CLASSHIERARCHY      + <<<=== end of refinement
[2021-10-23 17:14:20] [INFO ] ANALYZER            |  |  + 3 alarm(s) generated
[2021-10-23 17:14:20] [INFO ] ANALYZER            |  |  + Elapsed time: 0.36 s (362 ms)
[2021-10-23 17:14:20] [INFO ] ANALYZER            |  + [    24/    29] Analyze D:\fasoo\sparrow_server_4.6_r610_windows\data\temp\etc\379\796\source_files\KKF_NEW_P3300\util\MongoConn.java
[2021-10-23 17:14:21] [INFO ] ANALYZER            |  |  + 5 alarm(s) generated
[2021-10-23 17:14:21] [INFO ] ANALYZER            |  |  + Elapsed time: 0.35 s (350 ms)
[2021-10-23 17:14:21] [INFO ] ANALYZER            |  + [    25/    29] Analyze D:\fasoo\sparrow_server_4.6_r610_windows\data\temp\etc\379\796\source_files\KKF_NEW_P3300\module\SensorHistoryUpdate.java
[2021-10-23 17:14:21] [INFO ] ANALYZER            |  |  + 0 alarm(s) generated
[2021-10-23 17:14:21] [INFO ] ANALYZER            |  |  + Elapsed time: 0.12 s (115 ms)
[2021-10-23 17:14:21] [INFO ] ANALYZER            |  + [    26/    29] Analyze D:\fasoo\sparrow_server_4.6_r610_windows\data\temp\etc\379\796\source_files\KKF_NEW_P3300\server\ServerListner.java
[2021-10-23 17:14:21] [INFO ] ANALYZER            |  |  + 4 alarm(s) generated
[2021-10-23 17:14:21] [INFO ] ANALYZER            |  |  + Elapsed time: 0.02 s (24 ms)
[2021-10-23 17:14:21] [INFO ] ANALYZER            |  + [    27/    29] Analyze D:\fasoo\sparrow_server_4.6_r610_windows\data\temp\etc\379\796\source_files\KKF_NEW_P3300\server\ServerWorker.java
[2021-10-23 17:14:21] [INFO ] ANALYZER            |  |  + 7 alarm(s) generated
[2021-10-23 17:14:21] [INFO ] ANALYZER            |  |  + Elapsed time: 0.13 s (130 ms)
[2021-10-23 17:14:21] [INFO ] ANALYZER            |  + [    28/    29] Analyze D:\fasoo\sparrow_server_4.6_r610_windows\data\temp\etc\379\796\source_files\KKF_NEW_P3300\p3300\P3300Main.java
[2021-10-23 17:14:21] [INFO ] ANALYZER            |  |  + 0 alarm(s) generated
[2021-10-23 17:14:21] [INFO ] ANALYZER            |  |  + Elapsed time: 0.03 s (25 ms)
[2021-10-23 17:14:21] [INFO ] ANALYZER            |  + [    29/    29] Analyze D:\fasoo\sparrow_server_4.6_r610_windows\data\temp\etc\379\796\source_files\KKF_NEW_P3300\kokofarm\Device.java
[2021-10-23 17:14:21] [INFO ] ANALYZER            |  |  + 0 alarm(s) generated
[2021-10-23 17:14:21] [INFO ] ANALYZER            |  |  + Elapsed time: 0.01 s (8 ms)
[2021-10-23 17:14:21] [INFO ] ANALYZER            |  + Total 29 file(s) has(have) been analyzed.
[2021-10-23 17:14:21] [INFO ] ANALYZER            + [A] <<<=== End of the analysis
[2021-10-23 17:14:21] [INFO ]  
[2021-10-23 17:14:21] [INFO ] ANALYZER            + [R] Generated alarm information ===>>>
[2021-10-23 17:14:21] [INFO ] ANALYZER            |  +                                              BAD_EXCEPTIONAL_CONDITION:        45
[2021-10-23 17:14:21] [INFO ] ANALYZER            |  +                                              USE_STRICTFP_FOR_DIVISION:         1
[2021-10-23 17:14:21] [INFO ] ANALYZER            |  +                             PUBLIC_FIELD_SHOULD_BE_USED_WITHOUT_METHOD:         2
[2021-10-23 17:14:21] [INFO ] ANALYZER            |  +                                                    AVOID_USING_JAVA_IO:         8
[2021-10-23 17:14:21] [INFO ] ANALYZER            |  +                                       DO_NOT_USE_SHIFT_ON_SIGNED_VALUE:         1
[2021-10-23 17:14:21] [INFO ] ANALYZER            |  + Total number of alarms: 57
[2021-10-23 17:14:21] [INFO ] ANALYZER            + [R] <<<=== End of generated alamrs
[2021-10-23 17:14:21] [INFO ]  
