[2021-10-23 16:41:34] [INFO ] JEM Version         + JEM Version : 1.17.0
[2021-10-23 16:41:34] [INFO ] JEM COMMAND         + ==== JEM Execute commnad option ====
[2021-10-23 16:41:34] [INFO ] JEM COMMAND         + Command Option : -build_path D:\fasoo\sparrow_server_4.6_r610_windows\data\temp\etc\379\795 -sparrow_installed_path D:\fasoo\sparrow_server_4.6_r610_windows\ -prj_name kokofarm6_java_server_3300 -scan_id 795 -xss_opt 8m -xmx_opt 10240m -xml_threshold 100 -encoding UTF-8 -user_opt_dir D:\fasoo\sparrow_server_4.6_r610_windows\data\temp\etc\379\795\option_files 
[2021-10-23 16:41:34] [INFO ] EngineOrder         + D:\fasoo\sparrow_server_4.6_r610_windows\data\temp\etc\379\795\option_files\engine_order.txt
[2021-10-23 16:41:34] [INFO ] EngineList          + ==== Engine setting ====
[2021-10-23 16:41:34] [INFO ] EngineList          + FINCH_SYN : true
[2021-10-23 16:41:34] [INFO ] EngineList          + FINCH_SEM : true
[2021-10-23 16:41:34] [INFO ] EngineList          + PMD       : false
[2021-10-23 16:41:34] [INFO ] EngineList          + Comchk    : false
[2021-10-23 16:41:34] [INFO ] EngineList          + HTML      : false
[2021-10-23 16:41:34] [INFO ] EngineList          + PHP       : false
[2021-10-23 16:41:34] [INFO ] EngineList          + OBJC      : false
[2021-10-23 16:41:34] [INFO ] EngineList          + CSCHK     : false
[2021-10-23 16:41:34] [INFO ] EngineList          + CSREX     : false
[2021-10-23 16:41:34] [INFO ] EngineList          + SQLCHK    : false
[2021-10-23 16:41:34] [INFO ] EngineList          + JSCHK     : false
[2021-10-23 16:41:34] [INFO ] EngineList          + STRCHK    : false
[2021-10-23 16:41:34] [INFO ] EngineList          + VBSCHK    : false
[2021-10-23 16:41:34] [INFO ] EngineList          + VBNETCHK  : false
[2021-10-23 16:41:34] [INFO ] EngineList          + ABAPCHK   : false
[2021-10-23 16:41:34] [INFO ] EngineList          + CONFIGCHK : false
[2021-10-23 16:41:34] [INFO ] EngineList          + SWIFTCHK  : false
[2021-10-23 16:41:34] [INFO ] EngineList          + PYTHONCHK : false
[2021-10-23 16:41:34] [INFO ] RunEngine           + Start java source extracting ..
[2021-10-23 16:41:34] [INFO ] Command             + Executing non-blocking job for : [SRCINFO]
[2021-10-23 16:41:34] [INFO ] Command             + The job has finished : [SRCINFO]
[2021-10-23 16:41:38] [INFO ] ResultHandler       + successfully.
[2021-10-23 16:41:38] [INFO ] Command             + Executing non-blocking job for : [WEBINFO]
[2021-10-23 16:41:38] [INFO ] Command             + The job has finished : [WEBINFO]
[2021-10-23 16:41:39] [INFO ] ResultHandler       + successfully.
[2021-10-23 16:41:39] [INFO ] RunEngine           + End java source extracting ..
[2021-10-23 16:41:39] [INFO ] Runengin            + 210,211,
[2021-10-23 16:41:39] [INFO ] RunEngine           + Engine Analyze MULTI-THREAD
[2021-10-23 16:41:39] [INFO ] START ENGINE THREAD |  + FINCH_SYN
[2021-10-23 16:41:39] [INFO ] Command             |  + Executing non-blocking job for : [FINCH_SYN]
[2021-10-23 16:41:39] [INFO ] Command             |  + The job has finished : [FINCH_SYN]
[2021-10-23 16:41:39] [INFO ] START ENGINE THREAD |  + FINCH_SEM
[2021-10-23 16:41:39] [INFO ] JFSem               |  + Counting files in map file : finch_sem_map.txt : 29 files
[2021-10-23 16:41:39] [INFO ] Command             |  + Executing non-blocking job for : [FINCH_SEM]
[2021-10-23 16:41:39] [INFO ] Command             |  + The job has finished : [FINCH_SEM]
[2021-10-23 16:41:51] [INFO ] ResultHandler       |  + successfully.
[2021-10-23 16:41:52] [INFO ] END ENGINE THREAD   |  + FINCH_SYN
[2021-10-23 16:41:52] [INFO ] TimeManager         |  + TIME for FINCH_SYN
[2021-10-23 16:41:52] [INFO ] TimeManager         |  |  + VERSION      : 2.3.21
[2021-10-23 16:41:52] [INFO ] TimeManager         |  |  + START TIME   : 2021-10-23 16:41:39
[2021-10-23 16:41:52] [INFO ] TimeManager         |  |  + END TIME     : 2021-10-23 16:41:52
[2021-10-23 16:41:52] [INFO ] TimeManager         |  |  + ELAPSED TIME : 13283ms (0h 0m 13s)
[2021-10-23 16:41:52] [INFO ] TimeManager         |  |  + EXIT VALUE   : [0]
[2021-10-23 16:46:18] [INFO ] ResultHandler       |  + successfully.
[2021-10-23 16:46:19] [INFO ] END ENGINE THREAD   |  + FINCH_SEM
[2021-10-23 16:46:19] [INFO ] TimeManager         |  + TIME for FINCH_SEM
[2021-10-23 16:46:19] [INFO ] TimeManager         |  |  + VERSION      : 5.5.7
[2021-10-23 16:46:19] [INFO ] TimeManager         |  |  + START TIME   : 2021-10-23 16:41:39
[2021-10-23 16:46:19] [INFO ] TimeManager         |  |  + END TIME     : 2021-10-23 16:46:19
[2021-10-23 16:46:19] [INFO ] TimeManager         |  |  + ELAPSED TIME : 280203ms (0h 4m 40s)
[2021-10-23 16:46:19] [INFO ] TimeManager         |  |  + EXIT VALUE   : [0]
[2021-10-23 16:46:19] [INFO ]                     + ------------------------------------------------Engine Command Line Summary---------------------------------------------------
[2021-10-23 16:46:19] [INFO ]                     |  + Target Engine : SRCINFO
[2021-10-23 16:46:19] [INFO ]                     |  + One line command : D:\fasoo\sparrow_server_4.6_r610_windows\jre\bin\java -Dsparrow.scan.id=795N -Dsparrow.scan.uuid= -Xss8m -Xmx10240m -jar D:\fasoo\sparrow_server_4.6_r610_windows\whistle\engine\lib\sourceinfo-extractor-1.0.3.jar -target_list D:\fasoo\sparrow_server_4.6_r610_windows\data\temp\etc\379\795\map_files\src_info_map.txt -result_directory D:\fasoo\sparrow_server_4.6_r610_windows\data\temp\etc\379\795\resource_files\sourceinfo -result_file sourceinfo.dat -log_directory D:\fasoo\sparrow_server_4.6_r610_windows\data\temp\etc\379\795\log_files -log_file source_info.kokofarm6_java_server_3300.1.log
[2021-10-23 16:46:19] [INFO ]                     |  |  + -Dsparrow.scan.id=795N
[2021-10-23 16:46:19] [INFO ]                     |  |  + -Dsparrow.scan.uuid=
[2021-10-23 16:46:19] [INFO ]                     |  |  + -Xss8m
[2021-10-23 16:46:19] [INFO ]                     |  |  + -Xmx10240m
[2021-10-23 16:46:19] [INFO ]                     |  |  + -jar
[2021-10-23 16:46:19] [INFO ]                     |  |  |  + D:\fasoo\sparrow_server_4.6_r610_windows\whistle\engine\lib\sourceinfo-extractor-1.0.3.jar
[2021-10-23 16:46:19] [INFO ]                     |  |  + -target_list
[2021-10-23 16:46:19] [INFO ]                     |  |  |  + D:\fasoo\sparrow_server_4.6_r610_windows\data\temp\etc\379\795\map_files\src_info_map.txt
[2021-10-23 16:46:19] [INFO ]                     |  |  + -result_directory
[2021-10-23 16:46:19] [INFO ]                     |  |  |  + D:\fasoo\sparrow_server_4.6_r610_windows\data\temp\etc\379\795\resource_files\sourceinfo
[2021-10-23 16:46:19] [INFO ]                     |  |  + -result_file
[2021-10-23 16:46:19] [INFO ]                     |  |  |  + sourceinfo.dat
[2021-10-23 16:46:19] [INFO ]                     |  |  + -log_directory
[2021-10-23 16:46:19] [INFO ]                     |  |  |  + D:\fasoo\sparrow_server_4.6_r610_windows\data\temp\etc\379\795\log_files
[2021-10-23 16:46:19] [INFO ]                     |  |  + -log_file
[2021-10-23 16:46:19] [INFO ]                     |  |  |  + source_info.kokofarm6_java_server_3300.1.log
[2021-10-23 16:46:19] [INFO ]                     |  +  
[2021-10-23 16:46:19] [INFO ]                     |  + Map file : D:\fasoo\sparrow_server_4.6_r610_windows\data\temp\etc\379\795\map_files\src_info_map.txt
[2021-10-23 16:46:19] [INFO ]                     |  |  + The number of files in a map file : 29
[2021-10-23 16:46:19] [INFO ]                     |  + --------------------------------------------------------------------------------------------------------------------------------
[2021-10-23 16:46:19] [INFO ]                     |  + Target Engine : FINCH_SEM
[2021-10-23 16:46:19] [INFO ]                     |  + One line command : D:\fasoo\sparrow_server_4.6_r610_windows\jre\bin\java -Dsparrow.scan.id=795N -Dsparrow.scan.uuid= -Xss8m -Xmx10240m -Dfile.encoding=UTF-8 -cp D:\fasoo\sparrow_server_4.6_r610_windows\whistle\engine\lib\jspconv-tools-2.1.4.jar;D:\fasoo\sparrow_server_4.6_r610_windows\whistle\engine\lib\sourceinfo-common-1.0.3.jar;D:\fasoo\sparrow_server_4.6_r610_windows\whistle\engine\lib\weblink-2.0.7.jar;D:\fasoo\sparrow_server_4.6_r610_windows\whistle\engine\lib\webinfo-extractor-1.3.4.jar;D:\fasoo\sparrow_server_4.6_r610_windows\whistle\engine\lib\jf_sem-5.5.7.jar com.fasoo.javafinch.core.SemanticEngine -repo_dir D:\fasoo\sparrow_server_4.6_r610_windows\data\temp\etc\379\795\prep_jars\repo_dir\kokofarm6_java_server_3300 -taint_rule_propagate_all -taint_rule_class_only -show_followers -analyze_spring -prj_name kokofarm6_java_server_3300 -rule_file D:\fasoo\sparrow_server_4.6_r610_windows\data\temp\etc\379\795\option_files\checkers_finch_sem.txt -output_dir D:\fasoo\sparrow_server_4.6_r610_windows\data\temp\etc\379\795\xml_files -scaffold_file D:\fasoo\sparrow_server_4.6_r610_windows\data\temp\etc\379\795\option_files\scaffold -src -target_list D:\fasoo\sparrow_server_4.6_r610_windows\data\temp\etc\379\795\map_files\finch_sem_map.txt -global -weblink_properties D:\fasoo\sparrow_server_4.6_r610_windows\data\temp\etc\379\795\resource_files\weblink.properties -framework_repository D:\fasoo\sparrow_server_4.6_r610_windows\data\temp\etc\379\795\source_files\framework_src -intermediate_dir D:\fasoo\sparrow_server_4.6_r610_windows\data\temp\etc\379\795\intermediate_dir -log_file D:\fasoo\sparrow_server_4.6_r610_windows\data\temp\etc\379\795\log_files\finch_sem1.log -inc_output D:\fasoo\sparrow_server_4.6_r610_windows\data\temp\etc\379\795\incremental\jf_sem\inc_output.dat
[2021-10-23 16:46:19] [INFO ]                     |  |  + -Dsparrow.scan.id=795N
[2021-10-23 16:46:19] [INFO ]                     |  |  + -Dsparrow.scan.uuid=
[2021-10-23 16:46:19] [INFO ]                     |  |  + -Xss8m
[2021-10-23 16:46:19] [INFO ]                     |  |  + -Xmx10240m
[2021-10-23 16:46:19] [INFO ]                     |  |  + -Dfile.encoding=UTF-8
[2021-10-23 16:46:19] [INFO ]                     |  |  + -cp
[2021-10-23 16:46:19] [INFO ]                     |  |  |  + D:\fasoo\sparrow_server_4.6_r610_windows\whistle\engine\lib\jspconv-tools-2.1.4.jar;D:\fasoo\sparrow_server_4.6_r610_windows\whistle\engine\lib\sourceinfo-common-1.0.3.jar;D:\fasoo\sparrow_server_4.6_r610_windows\whistle\engine\lib\weblink-2.0.7.jar;D:\fasoo\sparrow_server_4.6_r610_windows\whistle\engine\lib\webinfo-extractor-1.3.4.jar;D:\fasoo\sparrow_server_4.6_r610_windows\whistle\engine\lib\jf_sem-5.5.7.jar
[2021-10-23 16:46:19] [INFO ]                     |  |  |  + com.fasoo.javafinch.core.SemanticEngine
[2021-10-23 16:46:19] [INFO ]                     |  |  + -repo_dir
[2021-10-23 16:46:19] [INFO ]                     |  |  |  + D:\fasoo\sparrow_server_4.6_r610_windows\data\temp\etc\379\795\prep_jars\repo_dir\kokofarm6_java_server_3300
[2021-10-23 16:46:19] [INFO ]                     |  |  + -taint_rule_propagate_all
[2021-10-23 16:46:19] [INFO ]                     |  |  + -taint_rule_class_only
[2021-10-23 16:46:19] [INFO ]                     |  |  + -show_followers
[2021-10-23 16:46:19] [INFO ]                     |  |  + -analyze_spring
[2021-10-23 16:46:19] [INFO ]                     |  |  + -prj_name
[2021-10-23 16:46:19] [INFO ]                     |  |  |  + kokofarm6_java_server_3300
[2021-10-23 16:46:19] [INFO ]                     |  |  + -rule_file
[2021-10-23 16:46:19] [INFO ]                     |  |  |  + D:\fasoo\sparrow_server_4.6_r610_windows\data\temp\etc\379\795\option_files\checkers_finch_sem.txt
[2021-10-23 16:46:19] [INFO ]                     |  |  + -output_dir
[2021-10-23 16:46:19] [INFO ]                     |  |  |  + D:\fasoo\sparrow_server_4.6_r610_windows\data\temp\etc\379\795\xml_files
[2021-10-23 16:46:19] [INFO ]                     |  |  + -scaffold_file
[2021-10-23 16:46:19] [INFO ]                     |  |  |  + D:\fasoo\sparrow_server_4.6_r610_windows\data\temp\etc\379\795\option_files\scaffold
[2021-10-23 16:46:19] [INFO ]                     |  |  + -src
[2021-10-23 16:46:19] [INFO ]                     |  |  + -target_list
[2021-10-23 16:46:19] [INFO ]                     |  |  |  + D:\fasoo\sparrow_server_4.6_r610_windows\data\temp\etc\379\795\map_files\finch_sem_map.txt
[2021-10-23 16:46:19] [INFO ]                     |  |  + -global
[2021-10-23 16:46:19] [INFO ]                     |  |  + -weblink_properties
[2021-10-23 16:46:19] [INFO ]                     |  |  |  + D:\fasoo\sparrow_server_4.6_r610_windows\data\temp\etc\379\795\resource_files\weblink.properties
[2021-10-23 16:46:19] [INFO ]                     |  |  + -framework_repository
[2021-10-23 16:46:19] [INFO ]                     |  |  |  + D:\fasoo\sparrow_server_4.6_r610_windows\data\temp\etc\379\795\source_files\framework_src
[2021-10-23 16:46:19] [INFO ]                     |  |  + -intermediate_dir
[2021-10-23 16:46:19] [INFO ]                     |  |  |  + D:\fasoo\sparrow_server_4.6_r610_windows\data\temp\etc\379\795\intermediate_dir
[2021-10-23 16:46:19] [INFO ]                     |  |  + -log_file
[2021-10-23 16:46:19] [INFO ]                     |  |  |  + D:\fasoo\sparrow_server_4.6_r610_windows\data\temp\etc\379\795\log_files\finch_sem1.log
[2021-10-23 16:46:19] [INFO ]                     |  |  + -inc_output
[2021-10-23 16:46:19] [INFO ]                     |  |  |  + D:\fasoo\sparrow_server_4.6_r610_windows\data\temp\etc\379\795\incremental\jf_sem\inc_output.dat
[2021-10-23 16:46:19] [INFO ]                     |  +  
[2021-10-23 16:46:19] [INFO ]                     |  + Map file : D:\fasoo\sparrow_server_4.6_r610_windows\data\temp\etc\379\795\map_files\finch_sem_map.txt
[2021-10-23 16:46:19] [INFO ]                     |  |  + The number of files in a map file : 29
[2021-10-23 16:46:19] [INFO ]                     |  + --------------------------------------------------------------------------------------------------------------------------------
[2021-10-23 16:46:19] [INFO ]                     |  + Target Engine : WEBINFO
[2021-10-23 16:46:19] [INFO ]                     |  + One line command : D:\fasoo\sparrow_server_4.6_r610_windows\jre\bin\java -Dsparrow.scan.id=795N -Dsparrow.scan.uuid= -Xss8m -Xmx10240m -jar D:\fasoo\sparrow_server_4.6_r610_windows\whistle\engine\lib\webinfo-extractor-1.3.4.jar -build_path D:\fasoo\sparrow_server_4.6_r610_windows\data\temp\etc\379\795 -resource_path D:\fasoo\sparrow_server_4.6_r610_windows\data\temp\etc\379\795\resource_files -debug_level info
[2021-10-23 16:46:19] [INFO ]                     |  |  + -Dsparrow.scan.id=795N
[2021-10-23 16:46:19] [INFO ]                     |  |  + -Dsparrow.scan.uuid=
[2021-10-23 16:46:19] [INFO ]                     |  |  + -Xss8m
[2021-10-23 16:46:19] [INFO ]                     |  |  + -Xmx10240m
[2021-10-23 16:46:19] [INFO ]                     |  |  + -jar
[2021-10-23 16:46:19] [INFO ]                     |  |  |  + D:\fasoo\sparrow_server_4.6_r610_windows\whistle\engine\lib\webinfo-extractor-1.3.4.jar
[2021-10-23 16:46:19] [INFO ]                     |  |  + -build_path
[2021-10-23 16:46:19] [INFO ]                     |  |  |  + D:\fasoo\sparrow_server_4.6_r610_windows\data\temp\etc\379\795
[2021-10-23 16:46:19] [INFO ]                     |  |  + -resource_path
[2021-10-23 16:46:19] [INFO ]                     |  |  |  + D:\fasoo\sparrow_server_4.6_r610_windows\data\temp\etc\379\795\resource_files
[2021-10-23 16:46:19] [INFO ]                     |  |  + -debug_level
[2021-10-23 16:46:19] [INFO ]                     |  |  |  + info
[2021-10-23 16:46:19] [INFO ]                     |  + --------------------------------------------------------------------------------------------------------------------------------
[2021-10-23 16:46:19] [INFO ]                     |  + Target Engine : FINCH_SYN
[2021-10-23 16:46:19] [INFO ]                     |  + One line command : D:\fasoo\sparrow_server_4.6_r610_windows\jre\bin\java -Dsparrow.scan.id=795N -Dsparrow.scan.uuid= -Xss8m -Xmx10240m -Dfile.encoding=UTF-8 -jar D:\fasoo\sparrow_server_4.6_r610_windows\whistle\engine\lib\jf_syn-2.3.21.jar -prj_name kokofarm6_java_server_3300 -rule_file D:\fasoo\sparrow_server_4.6_r610_windows\data\temp\etc\379\795\option_files\checkers_finch_syn.txt -xml_threshold 100 -target_list_file D:\fasoo\sparrow_server_4.6_r610_windows\data\temp\etc\379\795\map_files\finch_syn_map.1.txt -xml_header 1 -checker_config_dir D:\fasoo\sparrow_server_4.6_r610_windows\data\temp\etc\379\795\option_files\checker_option -log_file D:\fasoo\sparrow_server_4.6_r610_windows\data\temp\etc\379\795\log_files\finch_syn.kokofarm6_java_server_3300_1.log -output_dir D:\fasoo\sparrow_server_4.6_r610_windows\data\temp\etc\379\795\xml_files -debug_level 5 -workspace_dir D:\fasoo\sparrow_server_4.6_r610_windows\data\temp\etc\379\795\workspace_dir\kokofarm6_java_server_3300_1 -type java -hsrc_dir D:\fasoo\sparrow_server_4.6_r610_windows\data\temp\etc\379\795\source_files -inc_faster -inc_output D:\fasoo\sparrow_server_4.6_r610_windows\data\temp\etc\379\795\incremental\jf_syn\inc_output.dat
[2021-10-23 16:46:19] [INFO ]                     |  |  + -Dsparrow.scan.id=795N
[2021-10-23 16:46:19] [INFO ]                     |  |  + -Dsparrow.scan.uuid=
[2021-10-23 16:46:19] [INFO ]                     |  |  + -Xss8m
[2021-10-23 16:46:19] [INFO ]                     |  |  + -Xmx10240m
[2021-10-23 16:46:19] [INFO ]                     |  |  + -Dfile.encoding=UTF-8
[2021-10-23 16:46:19] [INFO ]                     |  |  + -jar
[2021-10-23 16:46:19] [INFO ]                     |  |  |  + D:\fasoo\sparrow_server_4.6_r610_windows\whistle\engine\lib\jf_syn-2.3.21.jar
[2021-10-23 16:46:19] [INFO ]                     |  |  + -prj_name
[2021-10-23 16:46:19] [INFO ]                     |  |  |  + kokofarm6_java_server_3300
[2021-10-23 16:46:19] [INFO ]                     |  |  + -rule_file
[2021-10-23 16:46:19] [INFO ]                     |  |  |  + D:\fasoo\sparrow_server_4.6_r610_windows\data\temp\etc\379\795\option_files\checkers_finch_syn.txt
[2021-10-23 16:46:19] [INFO ]                     |  |  + -xml_threshold
[2021-10-23 16:46:19] [INFO ]                     |  |  |  + 100
[2021-10-23 16:46:19] [INFO ]                     |  |  + -target_list_file
[2021-10-23 16:46:19] [INFO ]                     |  |  |  + D:\fasoo\sparrow_server_4.6_r610_windows\data\temp\etc\379\795\map_files\finch_syn_map.1.txt
[2021-10-23 16:46:19] [INFO ]                     |  |  + -xml_header
[2021-10-23 16:46:19] [INFO ]                     |  |  |  + 1
[2021-10-23 16:46:19] [INFO ]                     |  |  + -checker_config_dir
[2021-10-23 16:46:19] [INFO ]                     |  |  |  + D:\fasoo\sparrow_server_4.6_r610_windows\data\temp\etc\379\795\option_files\checker_option
[2021-10-23 16:46:19] [INFO ]                     |  |  + -log_file
[2021-10-23 16:46:19] [INFO ]                     |  |  |  + D:\fasoo\sparrow_server_4.6_r610_windows\data\temp\etc\379\795\log_files\finch_syn.kokofarm6_java_server_3300_1.log
[2021-10-23 16:46:19] [INFO ]                     |  |  + -output_dir
[2021-10-23 16:46:19] [INFO ]                     |  |  |  + D:\fasoo\sparrow_server_4.6_r610_windows\data\temp\etc\379\795\xml_files
[2021-10-23 16:46:19] [INFO ]                     |  |  + -debug_level
[2021-10-23 16:46:19] [INFO ]                     |  |  |  + 5
[2021-10-23 16:46:19] [INFO ]                     |  |  + -workspace_dir
[2021-10-23 16:46:19] [INFO ]                     |  |  |  + D:\fasoo\sparrow_server_4.6_r610_windows\data\temp\etc\379\795\workspace_dir\kokofarm6_java_server_3300_1
[2021-10-23 16:46:19] [INFO ]                     |  |  + -type
[2021-10-23 16:46:19] [INFO ]                     |  |  |  + java
[2021-10-23 16:46:19] [INFO ]                     |  |  + -hsrc_dir
[2021-10-23 16:46:19] [INFO ]                     |  |  |  + D:\fasoo\sparrow_server_4.6_r610_windows\data\temp\etc\379\795\source_files
[2021-10-23 16:46:19] [INFO ]                     |  |  + -inc_faster
[2021-10-23 16:46:19] [INFO ]                     |  |  + -inc_output
[2021-10-23 16:46:19] [INFO ]                     |  |  |  + D:\fasoo\sparrow_server_4.6_r610_windows\data\temp\etc\379\795\incremental\jf_syn\inc_output.dat
[2021-10-23 16:46:19] [INFO ]                     |  +  
[2021-10-23 16:46:19] [INFO ]                     |  + Map file : D:\fasoo\sparrow_server_4.6_r610_windows\data\temp\etc\379\795\map_files\finch_syn_map.1.txt
[2021-10-23 16:46:19] [INFO ]                     |  |  + The number of files in a map file : 29
[2021-10-23 16:46:19] [INFO ]                     |  + --------------------------------------------------------------------------------------------------------------------------------
[2021-10-23 16:46:19] [INFO ] JEM                 + Running java / other engines are finished.
